INFO - 2023-06-23 00:46:13 --> Session: Class initialized using 'CodeIgniter\Session\Handlers\FileHandler' driver.
INFO - 2023-06-23 00:46:28 --> Session: Class initialized using 'CodeIgniter\Session\Handlers\FileHandler' driver.
INFO - 2023-06-23 00:46:28 --> Session: Class initialized using 'CodeIgniter\Session\Handlers\FileHandler' driver.
INFO - 2023-06-23 00:46:31 --> Session: Class initialized using 'CodeIgniter\Session\Handlers\FileHandler' driver.
INFO - 2023-06-23 00:50:29 --> Session: Class initialized using 'CodeIgniter\Session\Handlers\FileHandler' driver.
INFO - 2023-06-23 00:51:10 --> Session: Class initialized using 'CodeIgniter\Session\Handlers\FileHandler' driver.
INFO - 2023-06-23 00:51:44 --> Session: Class initialized using 'CodeIgniter\Session\Handlers\FileHandler' driver.
INFO - 2023-06-23 00:51:50 --> Session: Class initialized using 'CodeIgniter\Session\Handlers\FileHandler' driver.
INFO - 2023-06-23 00:55:41 --> Session: Class initialized using 'CodeIgniter\Session\Handlers\FileHandler' driver.
INFO - 2023-06-23 01:44:06 --> Session: Class initialized using 'CodeIgniter\Session\Handlers\FileHandler' driver.
INFO - 2023-06-23 01:44:14 --> Session: Class initialized using 'CodeIgniter\Session\Handlers\FileHandler' driver.
INFO - 2023-06-23 01:44:21 --> Session: Class initialized using 'CodeIgniter\Session\Handlers\FileHandler' driver.
INFO - 2023-06-23 01:44:21 --> Session: Class initialized using 'CodeIgniter\Session\Handlers\FileHandler' driver.
INFO - 2023-06-23 01:44:31 --> Session: Class initialized using 'CodeIgniter\Session\Handlers\FileHandler' driver.
INFO - 2023-06-23 01:44:31 --> Session: Class initialized using 'CodeIgniter\Session\Handlers\FileHandler' driver.
INFO - 2023-06-23 01:44:34 --> Session: Class initialized using 'CodeIgniter\Session\Handlers\FileHandler' driver.
INFO - 2023-06-23 01:44:38 --> Session: Class initialized using 'CodeIgniter\Session\Handlers\FileHandler' driver.
INFO - 2023-06-23 01:45:40 --> Session: Class initialized using 'CodeIgniter\Session\Handlers\FileHandler' driver.
INFO - 2023-06-23 01:45:45 --> Session: Class initialized using 'CodeIgniter\Session\Handlers\FileHandler' driver.
INFO - 2023-06-23 04:02:51 --> Session: Class initialized using 'CodeIgniter\Session\Handlers\FileHandler' driver.
INFO - 2023-06-23 04:03:00 --> Session: Class initialized using 'CodeIgniter\Session\Handlers\FileHandler' driver.
INFO - 2023-06-23 04:03:00 --> Session: Class initialized using 'CodeIgniter\Session\Handlers\FileHandler' driver.
INFO - 2023-06-23 04:03:05 --> Session: Class initialized using 'CodeIgniter\Session\Handlers\FileHandler' driver.
INFO - 2023-06-23 04:05:00 --> Session: Class initialized using 'CodeIgniter\Session\Handlers\FileHandler' driver.
INFO - 2023-06-23 04:06:47 --> Session: Class initialized using 'CodeIgniter\Session\Handlers\FileHandler' driver.
INFO - 2023-06-23 04:07:01 --> Session: Class initialized using 'CodeIgniter\Session\Handlers\FileHandler' driver.
INFO - 2023-06-23 04:07:16 --> Session: Class initialized using 'CodeIgniter\Session\Handlers\FileHandler' driver.
INFO - 2023-06-23 04:09:00 --> Session: Class initialized using 'CodeIgniter\Session\Handlers\FileHandler' driver.
INFO - 2023-06-23 04:12:13 --> Session: Class initialized using 'CodeIgniter\Session\Handlers\FileHandler' driver.
INFO - 2023-06-23 04:13:54 --> Session: Class initialized using 'CodeIgniter\Session\Handlers\FileHandler' driver.
INFO - 2023-06-23 04:17:58 --> Session: Class initialized using 'CodeIgniter\Session\Handlers\FileHandler' driver.
INFO - 2023-06-23 04:17:58 --> Session: Class initialized using 'CodeIgniter\Session\Handlers\FileHandler' driver.
INFO - 2023-06-23 04:18:10 --> Session: Class initialized using 'CodeIgniter\Session\Handlers\FileHandler' driver.
INFO - 2023-06-23 04:18:10 --> Session: Class initialized using 'CodeIgniter\Session\Handlers\FileHandler' driver.
INFO - 2023-06-23 04:18:14 --> Session: Class initialized using 'CodeIgniter\Session\Handlers\FileHandler' driver.
INFO - 2023-06-23 04:18:19 --> Session: Class initialized using 'CodeIgniter\Session\Handlers\FileHandler' driver.
INFO - 2023-06-23 04:18:40 --> Session: Class initialized using 'CodeIgniter\Session\Handlers\FileHandler' driver.
INFO - 2023-06-23 04:18:40 --> Session: Class initialized using 'CodeIgniter\Session\Handlers\FileHandler' driver.
INFO - 2023-06-23 04:18:55 --> Session: Class initialized using 'CodeIgniter\Session\Handlers\FileHandler' driver.
INFO - 2023-06-23 04:18:56 --> Session: Class initialized using 'CodeIgniter\Session\Handlers\FileHandler' driver.
INFO - 2023-06-23 04:19:04 --> Session: Class initialized using 'CodeIgniter\Session\Handlers\FileHandler' driver.
INFO - 2023-06-23 04:19:04 --> Session: Class initialized using 'CodeIgniter\Session\Handlers\FileHandler' driver.
INFO - 2023-06-23 04:19:08 --> Session: Class initialized using 'CodeIgniter\Session\Handlers\FileHandler' driver.
INFO - 2023-06-23 04:21:58 --> Session: Class initialized using 'CodeIgniter\Session\Handlers\FileHandler' driver.
INFO - 2023-06-23 04:23:31 --> Session: Class initialized using 'CodeIgniter\Session\Handlers\FileHandler' driver.
INFO - 2023-06-23 04:23:35 --> Session: Class initialized using 'CodeIgniter\Session\Handlers\FileHandler' driver.
INFO - 2023-06-23 04:23:44 --> Session: Class initialized using 'CodeIgniter\Session\Handlers\FileHandler' driver.
INFO - 2023-06-23 04:26:36 --> Session: Class initialized using 'CodeIgniter\Session\Handlers\FileHandler' driver.
INFO - 2023-06-23 04:33:55 --> Session: Class initialized using 'CodeIgniter\Session\Handlers\FileHandler' driver.
INFO - 2023-06-23 04:33:56 --> Session: Class initialized using 'CodeIgniter\Session\Handlers\FileHandler' driver.
INFO - 2023-06-23 04:34:16 --> Session: Class initialized using 'CodeIgniter\Session\Handlers\FileHandler' driver.
INFO - 2023-06-23 04:36:19 --> Session: Class initialized using 'CodeIgniter\Session\Handlers\FileHandler' driver.
INFO - 2023-06-23 04:36:46 --> Session: Class initialized using 'CodeIgniter\Session\Handlers\FileHandler' driver.
INFO - 2023-06-23 04:37:07 --> Session: Class initialized using 'CodeIgniter\Session\Handlers\FileHandler' driver.
INFO - 2023-06-23 04:37:33 --> Session: Class initialized using 'CodeIgniter\Session\Handlers\FileHandler' driver.
INFO - 2023-06-23 04:38:18 --> Session: Class initialized using 'CodeIgniter\Session\Handlers\FileHandler' driver.
INFO - 2023-06-23 04:38:53 --> Session: Class initialized using 'CodeIgniter\Session\Handlers\FileHandler' driver.
INFO - 2023-06-23 04:39:06 --> Session: Class initialized using 'CodeIgniter\Session\Handlers\FileHandler' driver.
INFO - 2023-06-23 04:39:15 --> Session: Class initialized using 'CodeIgniter\Session\Handlers\FileHandler' driver.
INFO - 2023-06-23 04:40:12 --> Session: Class initialized using 'CodeIgniter\Session\Handlers\FileHandler' driver.
INFO - 2023-06-23 04:40:55 --> Session: Class initialized using 'CodeIgniter\Session\Handlers\FileHandler' driver.
INFO - 2023-06-23 04:42:32 --> Session: Class initialized using 'CodeIgniter\Session\Handlers\FileHandler' driver.
INFO - 2023-06-23 04:42:42 --> Session: Class initialized using 'CodeIgniter\Session\Handlers\FileHandler' driver.
INFO - 2023-06-23 04:42:42 --> Session: Class initialized using 'CodeIgniter\Session\Handlers\FileHandler' driver.
INFO - 2023-06-23 04:43:03 --> Session: Class initialized using 'CodeIgniter\Session\Handlers\FileHandler' driver.
INFO - 2023-06-23 04:43:07 --> Session: Class initialized using 'CodeIgniter\Session\Handlers\FileHandler' driver.
INFO - 2023-06-23 04:43:10 --> Session: Class initialized using 'CodeIgniter\Session\Handlers\FileHandler' driver.
INFO - 2023-06-23 04:43:16 --> Session: Class initialized using 'CodeIgniter\Session\Handlers\FileHandler' driver.
INFO - 2023-06-23 09:27:26 --> Session: Class initialized using 'CodeIgniter\Session\Handlers\FileHandler' driver.
INFO - 2023-06-23 09:27:47 --> Session: Class initialized using 'CodeIgniter\Session\Handlers\FileHandler' driver.
INFO - 2023-06-23 09:27:48 --> Session: Class initialized using 'CodeIgniter\Session\Handlers\FileHandler' driver.
INFO - 2023-06-23 09:27:52 --> Session: Class initialized using 'CodeIgniter\Session\Handlers\FileHandler' driver.
INFO - 2023-06-23 09:28:02 --> Session: Class initialized using 'CodeIgniter\Session\Handlers\FileHandler' driver.
INFO - 2023-06-23 09:28:16 --> Session: Class initialized using 'CodeIgniter\Session\Handlers\FileHandler' driver.
INFO - 2023-06-23 09:28:17 --> Session: Class initialized using 'CodeIgniter\Session\Handlers\FileHandler' driver.
INFO - 2023-06-23 09:29:21 --> Session: Class initialized using 'CodeIgniter\Session\Handlers\FileHandler' driver.
INFO - 2023-06-23 09:29:32 --> Session: Class initialized using 'CodeIgniter\Session\Handlers\FileHandler' driver.
INFO - 2023-06-23 09:29:32 --> Session: Class initialized using 'CodeIgniter\Session\Handlers\FileHandler' driver.
INFO - 2023-06-23 09:30:41 --> Session: Class initialized using 'CodeIgniter\Session\Handlers\FileHandler' driver.
INFO - 2023-06-23 09:39:22 --> Session: Class initialized using 'CodeIgniter\Session\Handlers\FileHandler' driver.
INFO - 2023-06-23 09:39:22 --> Session: Class initialized using 'CodeIgniter\Session\Handlers\FileHandler' driver.
INFO - 2023-06-23 09:39:34 --> Session: Class initialized using 'CodeIgniter\Session\Handlers\FileHandler' driver.
INFO - 2023-06-23 09:39:34 --> Session: Class initialized using 'CodeIgniter\Session\Handlers\FileHandler' driver.
INFO - 2023-06-23 09:39:38 --> Session: Class initialized using 'CodeIgniter\Session\Handlers\FileHandler' driver.
INFO - 2023-06-23 09:40:18 --> Session: Class initialized using 'CodeIgniter\Session\Handlers\FileHandler' driver.
INFO - 2023-06-23 09:40:37 --> Session: Class initialized using 'CodeIgniter\Session\Handlers\FileHandler' driver.
INFO - 2023-06-23 10:35:51 --> Session: Class initialized using 'CodeIgniter\Session\Handlers\FileHandler' driver.
INFO - 2023-06-23 10:35:58 --> Session: Class initialized using 'CodeIgniter\Session\Handlers\FileHandler' driver.
INFO - 2023-06-23 10:36:09 --> Session: Class initialized using 'CodeIgniter\Session\Handlers\FileHandler' driver.
INFO - 2023-06-23 10:36:13 --> Session: Class initialized using 'CodeIgniter\Session\Handlers\FileHandler' driver.
INFO - 2023-06-23 10:36:14 --> Session: Class initialized using 'CodeIgniter\Session\Handlers\FileHandler' driver.
INFO - 2023-06-23 10:36:23 --> Session: Class initialized using 'CodeIgniter\Session\Handlers\FileHandler' driver.
INFO - 2023-06-23 10:36:23 --> Session: Class initialized using 'CodeIgniter\Session\Handlers\FileHandler' driver.
INFO - 2023-06-23 10:36:27 --> Session: Class initialized using 'CodeIgniter\Session\Handlers\FileHandler' driver.
INFO - 2023-06-23 11:28:10 --> Session: Class initialized using 'CodeIgniter\Session\Handlers\FileHandler' driver.
INFO - 2023-06-23 11:28:10 --> Session: Class initialized using 'CodeIgniter\Session\Handlers\FileHandler' driver.
INFO - 2023-06-23 11:28:16 --> Session: Class initialized using 'CodeIgniter\Session\Handlers\FileHandler' driver.
INFO - 2023-06-23 11:29:47 --> Session: Class initialized using 'CodeIgniter\Session\Handlers\FileHandler' driver.
INFO - 2023-06-23 11:39:33 --> Session: Class initialized using 'CodeIgniter\Session\Handlers\FileHandler' driver.
INFO - 2023-06-23 11:41:26 --> Session: Class initialized using 'CodeIgniter\Session\Handlers\FileHandler' driver.
INFO - 2023-06-23 11:42:29 --> Session: Class initialized using 'CodeIgniter\Session\Handlers\FileHandler' driver.
INFO - 2023-06-23 11:44:36 --> Session: Class initialized using 'CodeIgniter\Session\Handlers\FileHandler' driver.
INFO - 2023-06-23 12:01:50 --> Session: Class initialized using 'CodeIgniter\Session\Handlers\FileHandler' driver.
INFO - 2023-06-23 12:03:02 --> Session: Class initialized using 'CodeIgniter\Session\Handlers\FileHandler' driver.
INFO - 2023-06-23 12:04:08 --> Session: Class initialized using 'CodeIgniter\Session\Handlers\FileHandler' driver.
INFO - 2023-06-23 12:04:38 --> Session: Class initialized using 'CodeIgniter\Session\Handlers\FileHandler' driver.
INFO - 2023-06-23 12:05:30 --> Session: Class initialized using 'CodeIgniter\Session\Handlers\FileHandler' driver.
INFO - 2023-06-23 12:06:02 --> Session: Class initialized using 'CodeIgniter\Session\Handlers\FileHandler' driver.
INFO - 2023-06-23 12:06:35 --> Session: Class initialized using 'CodeIgniter\Session\Handlers\FileHandler' driver.
INFO - 2023-06-23 12:41:08 --> Session: Class initialized using 'CodeIgniter\Session\Handlers\FileHandler' driver.
INFO - 2023-06-23 12:41:11 --> Session: Class initialized using 'CodeIgniter\Session\Handlers\FileHandler' driver.
INFO - 2023-06-23 12:44:30 --> Session: Class initialized using 'CodeIgniter\Session\Handlers\FileHandler' driver.
INFO - 2023-06-23 12:55:40 --> Session: Class initialized using 'CodeIgniter\Session\Handlers\FileHandler' driver.
INFO - 2023-06-23 12:59:59 --> Session: Class initialized using 'CodeIgniter\Session\Handlers\FileHandler' driver.
CRITICAL - 2023-06-23 12:59:59 --> syntax error, unexpected '}', expecting ';'
in APPPATH\Controllers\PendaftaranController.php on line 86.
 1 SYSTEMPATH\Autoloader\Autoloader.php(289): CodeIgniter\Autoloader\Autoloader->includeFile('C:\\xampp\\htdocs\\databaseKlinik\\klinik2\\app\\Controllers\\PendaftaranController.php')
 2 SYSTEMPATH\Autoloader\Autoloader.php(267): CodeIgniter\Autoloader\Autoloader->loadInNamespace('App\\Controllers\\PendaftaranController')
 3 [internal function]: CodeIgniter\Autoloader\Autoloader->loadClass('App\\Controllers\\PendaftaranController')
 4 [internal function]: spl_autoload_call('App\\Controllers\\PendaftaranController')
 5 SYSTEMPATH\CodeIgniter.php(892): class_exists('\\App\\Controllers\\PendaftaranController', true)
 6 SYSTEMPATH\CodeIgniter.php(486): CodeIgniter\CodeIgniter->startController()
 7 SYSTEMPATH\CodeIgniter.php(368): CodeIgniter\CodeIgniter->handleRequest(null, Object(Config\Cache), false)
 8 FCPATH\index.php(67): CodeIgniter\CodeIgniter->run()
 9 SYSTEMPATH\Commands\Server\rewrite.php(47): require_once('C:\\xampp\\htdocs\\databaseKlinik\\klinik2\\public\\index.php')
INFO - 2023-06-23 13:01:17 --> Session: Class initialized using 'CodeIgniter\Session\Handlers\FileHandler' driver.
INFO - 2023-06-23 13:02:39 --> Session: Class initialized using 'CodeIgniter\Session\Handlers\FileHandler' driver.
INFO - 2023-06-23 13:03:08 --> Session: Class initialized using 'CodeIgniter\Session\Handlers\FileHandler' driver.
INFO - 2023-06-23 13:03:29 --> Session: Class initialized using 'CodeIgniter\Session\Handlers\FileHandler' driver.
INFO - 2023-06-23 13:04:20 --> Session: Class initialized using 'CodeIgniter\Session\Handlers\FileHandler' driver.
INFO - 2023-06-23 13:04:27 --> Session: Class initialized using 'CodeIgniter\Session\Handlers\FileHandler' driver.
INFO - 2023-06-23 13:12:13 --> Session: Class initialized using 'CodeIgniter\Session\Handlers\FileHandler' driver.
INFO - 2023-06-23 13:12:17 --> Session: Class initialized using 'CodeIgniter\Session\Handlers\FileHandler' driver.
INFO - 2023-06-23 13:12:58 --> Session: Class initialized using 'CodeIgniter\Session\Handlers\FileHandler' driver.
INFO - 2023-06-23 13:15:45 --> Session: Class initialized using 'CodeIgniter\Session\Handlers\FileHandler' driver.
INFO - 2023-06-23 13:19:14 --> Session: Class initialized using 'CodeIgniter\Session\Handlers\FileHandler' driver.
INFO - 2023-06-23 13:20:34 --> Session: Class initialized using 'CodeIgniter\Session\Handlers\FileHandler' driver.
INFO - 2023-06-23 13:21:01 --> Session: Class initialized using 'CodeIgniter\Session\Handlers\FileHandler' driver.
INFO - 2023-06-23 13:21:25 --> Session: Class initialized using 'CodeIgniter\Session\Handlers\FileHandler' driver.
INFO - 2023-06-23 13:22:14 --> Session: Class initialized using 'CodeIgniter\Session\Handlers\FileHandler' driver.
INFO - 2023-06-23 13:23:29 --> Session: Class initialized using 'CodeIgniter\Session\Handlers\FileHandler' driver.
INFO - 2023-06-23 13:23:31 --> Session: Class initialized using 'CodeIgniter\Session\Handlers\FileHandler' driver.
INFO - 2023-06-23 13:23:31 --> Session: Class initialized using 'CodeIgniter\Session\Handlers\FileHandler' driver.
INFO - 2023-06-23 13:23:35 --> Session: Class initialized using 'CodeIgniter\Session\Handlers\FileHandler' driver.
INFO - 2023-06-23 13:23:38 --> Session: Class initialized using 'CodeIgniter\Session\Handlers\FileHandler' driver.
INFO - 2023-06-23 13:23:39 --> Session: Class initialized using 'CodeIgniter\Session\Handlers\FileHandler' driver.
INFO - 2023-06-23 13:30:28 --> Session: Class initialized using 'CodeIgniter\Session\Handlers\FileHandler' driver.
INFO - 2023-06-23 13:30:29 --> Session: Class initialized using 'CodeIgniter\Session\Handlers\FileHandler' driver.
INFO - 2023-06-23 13:31:09 --> Session: Class initialized using 'CodeIgniter\Session\Handlers\FileHandler' driver.
INFO - 2023-06-23 13:31:12 --> Session: Class initialized using 'CodeIgniter\Session\Handlers\FileHandler' driver.
INFO - 2023-06-23 13:31:12 --> Session: Class initialized using 'CodeIgniter\Session\Handlers\FileHandler' driver.
INFO - 2023-06-23 13:31:15 --> Session: Class initialized using 'CodeIgniter\Session\Handlers\FileHandler' driver.
INFO - 2023-06-23 13:32:38 --> Session: Class initialized using 'CodeIgniter\Session\Handlers\FileHandler' driver.
INFO - 2023-06-23 13:33:02 --> Session: Class initialized using 'CodeIgniter\Session\Handlers\FileHandler' driver.
INFO - 2023-06-23 13:33:05 --> Session: Class initialized using 'CodeIgniter\Session\Handlers\FileHandler' driver.
CRITICAL - 2023-06-23 13:33:05 --> Undefined variable: title
in APPPATH\Views\kasir\pendaftaran\list.php on line 9.
 1 APPPATH\Views\kasir\pendaftaran\list.php(9): CodeIgniter\Debug\Exceptions->errorHandler(8, 'Undefined variable: title', 'C:\\xampp\\htdocs\\databaseKlinik\\klinik2\\app\\Views\\kasir\\pendaftaran\\list.php', 9, [])
 2 SYSTEMPATH\View\View.php(213): include('C:\\xampp\\htdocs\\databaseKlinik\\klinik2\\app\\Views\\kasir\\pendaftaran\\list.php')
 3 SYSTEMPATH\View\View.php(216): CodeIgniter\View\View->CodeIgniter\View\{closure}()
 4 SYSTEMPATH\Common.php(1184): CodeIgniter\View\View->render('kasir/pendaftaran/list', [], true)
 5 APPPATH\Controllers\PendaftaranController.php(92): view('kasir/pendaftaran/list')
 6 SYSTEMPATH\CodeIgniter.php(934): App\Controllers\PendaftaranController->generate()
 7 SYSTEMPATH\CodeIgniter.php(499): CodeIgniter\CodeIgniter->runController(Object(App\Controllers\PendaftaranController))
 8 SYSTEMPATH\CodeIgniter.php(368): CodeIgniter\CodeIgniter->handleRequest(null, Object(Config\Cache), false)
 9 FCPATH\index.php(67): CodeIgniter\CodeIgniter->run()
10 SYSTEMPATH\Commands\Server\rewrite.php(47): require_once('C:\\xampp\\htdocs\\databaseKlinik\\klinik2\\public\\index.php')
INFO - 2023-06-23 13:34:39 --> Session: Class initialized using 'CodeIgniter\Session\Handlers\FileHandler' driver.
INFO - 2023-06-23 13:34:41 --> Session: Class initialized using 'CodeIgniter\Session\Handlers\FileHandler' driver.
CRITICAL - 2023-06-23 13:34:41 --> Undefined variable: title
in APPPATH\Views\kasir\pendaftaran\list.php on line 9.
 1 APPPATH\Views\kasir\pendaftaran\list.php(9): CodeIgniter\Debug\Exceptions->errorHandler(8, 'Undefined variable: title', 'C:\\xampp\\htdocs\\databaseKlinik\\klinik2\\app\\Views\\kasir\\pendaftaran\\list.php', 9, [])
 2 SYSTEMPATH\View\View.php(213): include('C:\\xampp\\htdocs\\databaseKlinik\\klinik2\\app\\Views\\kasir\\pendaftaran\\list.php')
 3 SYSTEMPATH\View\View.php(216): CodeIgniter\View\View->CodeIgniter\View\{closure}()
 4 SYSTEMPATH\Common.php(1184): CodeIgniter\View\View->render('kasir/pendaftaran/list', [], true)
 5 APPPATH\Controllers\PendaftaranController.php(95): view('kasir/pendaftaran/list')
 6 SYSTEMPATH\CodeIgniter.php(934): App\Controllers\PendaftaranController->generate()
 7 SYSTEMPATH\CodeIgniter.php(499): CodeIgniter\CodeIgniter->runController(Object(App\Controllers\PendaftaranController))
 8 SYSTEMPATH\CodeIgniter.php(368): CodeIgniter\CodeIgniter->handleRequest(null, Object(Config\Cache), false)
 9 FCPATH\index.php(67): CodeIgniter\CodeIgniter->run()
10 SYSTEMPATH\Commands\Server\rewrite.php(47): require_once('C:\\xampp\\htdocs\\databaseKlinik\\klinik2\\public\\index.php')
INFO - 2023-06-23 13:35:16 --> Session: Class initialized using 'CodeIgniter\Session\Handlers\FileHandler' driver.
INFO - 2023-06-23 13:35:19 --> Session: Class initialized using 'CodeIgniter\Session\Handlers\FileHandler' driver.
CRITICAL - 2023-06-23 13:35:19 --> Undefined variable: title
in APPPATH\Views\kasir\pendaftaran\list.php on line 15.
 1 APPPATH\Views\kasir\pendaftaran\list.php(15): CodeIgniter\Debug\Exceptions->errorHandler(8, 'Undefined variable: title', 'C:\\xampp\\htdocs\\databaseKlinik\\klinik2\\app\\Views\\kasir\\pendaftaran\\list.php', 15, [])
 2 SYSTEMPATH\View\View.php(213): include('C:\\xampp\\htdocs\\databaseKlinik\\klinik2\\app\\Views\\kasir\\pendaftaran\\list.php')
 3 SYSTEMPATH\View\View.php(216): CodeIgniter\View\View->CodeIgniter\View\{closure}()
 4 SYSTEMPATH\Common.php(1184): CodeIgniter\View\View->render('kasir/pendaftaran/list', [], true)
 5 APPPATH\Controllers\PendaftaranController.php(93): view('kasir/pendaftaran/list')
 6 SYSTEMPATH\CodeIgniter.php(934): App\Controllers\PendaftaranController->generate()
 7 SYSTEMPATH\CodeIgniter.php(499): CodeIgniter\CodeIgniter->runController(Object(App\Controllers\PendaftaranController))
 8 SYSTEMPATH\CodeIgniter.php(368): CodeIgniter\CodeIgniter->handleRequest(null, Object(Config\Cache), false)
 9 FCPATH\index.php(67): CodeIgniter\CodeIgniter->run()
10 SYSTEMPATH\Commands\Server\rewrite.php(47): require_once('C:\\xampp\\htdocs\\databaseKlinik\\klinik2\\public\\index.php')
INFO - 2023-06-23 13:35:49 --> Session: Class initialized using 'CodeIgniter\Session\Handlers\FileHandler' driver.
INFO - 2023-06-23 13:35:51 --> Session: Class initialized using 'CodeIgniter\Session\Handlers\FileHandler' driver.
CRITICAL - 2023-06-23 13:35:51 --> Undefined variable: data_pendaftaran
in APPPATH\Views\kasir\pendaftaran\list.php on line 36.
 1 APPPATH\Views\kasir\pendaftaran\list.php(36): CodeIgniter\Debug\Exceptions->errorHandler(8, 'Undefined variable: data_pendaftaran', 'C:\\xampp\\htdocs\\databaseKlinik\\klinik2\\app\\Views\\kasir\\pendaftaran\\list.php', 36, [...])
 2 SYSTEMPATH\View\View.php(213): include('C:\\xampp\\htdocs\\databaseKlinik\\klinik2\\app\\Views\\kasir\\pendaftaran\\list.php')
 3 SYSTEMPATH\View\View.php(216): CodeIgniter\View\View->CodeIgniter\View\{closure}()
 4 SYSTEMPATH\Common.php(1184): CodeIgniter\View\View->render('kasir/pendaftaran/list', [], true)
 5 APPPATH\Controllers\PendaftaranController.php(93): view('kasir/pendaftaran/list')
 6 SYSTEMPATH\CodeIgniter.php(934): App\Controllers\PendaftaranController->generate()
 7 SYSTEMPATH\CodeIgniter.php(499): CodeIgniter\CodeIgniter->runController(Object(App\Controllers\PendaftaranController))
 8 SYSTEMPATH\CodeIgniter.php(368): CodeIgniter\CodeIgniter->handleRequest(null, Object(Config\Cache), false)
 9 FCPATH\index.php(67): CodeIgniter\CodeIgniter->run()
10 SYSTEMPATH\Commands\Server\rewrite.php(47): require_once('C:\\xampp\\htdocs\\databaseKlinik\\klinik2\\public\\index.php')
INFO - 2023-06-23 13:37:03 --> Session: Class initialized using 'CodeIgniter\Session\Handlers\FileHandler' driver.
INFO - 2023-06-23 13:37:06 --> Session: Class initialized using 'CodeIgniter\Session\Handlers\FileHandler' driver.
ERROR - 2023-06-23 13:37:06 --> mysqli_sql_exception: Column 'no_pendaftaran' cannot be null in C:\xampp\htdocs\databaseKlinik\klinik2\system\Database\MySQLi\Connection.php:295
Stack trace:
#0 C:\xampp\htdocs\databaseKlinik\klinik2\system\Database\MySQLi\Connection.php(295): mysqli->query('INSERT INTO `tb...', 0)
#1 C:\xampp\htdocs\databaseKlinik\klinik2\system\Database\BaseConnection.php(692): CodeIgniter\Database\MySQLi\Connection->execute('INSERT INTO `tb...')
#2 C:\xampp\htdocs\databaseKlinik\klinik2\system\Database\BaseConnection.php(606): CodeIgniter\Database\BaseConnection->simpleQuery('INSERT INTO `tb...')
#3 C:\xampp\htdocs\databaseKlinik\klinik2\system\Database\BaseBuilder.php(2309): CodeIgniter\Database\BaseConnection->query('INSERT INTO `tb...', Array, false)
#4 C:\xampp\htdocs\databaseKlinik\klinik2\system\Model.php(330): CodeIgniter\Database\BaseBuilder->insert()
#5 C:\xampp\htdocs\databaseKlinik\klinik2\system\BaseModel.php(782): CodeIgniter\Model->doInsert(Array)
#6 C:\xampp\htdocs\databaseKlinik\klinik2\system\Model.php(730): CodeIgniter\BaseModel->insert(Array, true)
#7 C:\xampp\htdocs\databaseKlinik\klinik2\app\Controllers\PendaftaranController.php(92): CodeIgniter\Model->insert(Array)
#8 C:\xampp\htdocs\databaseKlinik\klinik2\system\CodeIgniter.php(934): App\Controllers\PendaftaranController->generate()
#9 C:\xampp\htdocs\databaseKlinik\klinik2\system\CodeIgniter.php(499): CodeIgniter\CodeIgniter->runController(Object(App\Controllers\PendaftaranController))
#10 C:\xampp\htdocs\databaseKlinik\klinik2\system\CodeIgniter.php(368): CodeIgniter\CodeIgniter->handleRequest(NULL, Object(Config\Cache), false)
#11 C:\xampp\htdocs\databaseKlinik\klinik2\public\index.php(67): CodeIgniter\CodeIgniter->run()
#12 C:\xampp\htdocs\databaseKlinik\klinik2\system\Commands\Server\rewrite.php(47): require_once('C:\\xampp\\htdocs...')
#13 {main}
CRITICAL - 2023-06-23 13:37:06 --> Column 'no_pendaftaran' cannot be null
in SYSTEMPATH\Database\MySQLi\Connection.php on line 295.
 1 SYSTEMPATH\Database\MySQLi\Connection.php(295): mysqli->query('INSERT INTO `tbl_pendaftaran` (`no_pendaftaran`, `id_customer`, `tgl_pendaftaran`, `keluhan`, `status_pendaftaran`) VALUES (NULL, NULL, NULL, NULL, NULL)', 0)
 2 SYSTEMPATH\Database\BaseConnection.php(692): CodeIgniter\Database\MySQLi\Connection->execute('INSERT INTO `tbl_pendaftaran` (`no_pendaftaran`, `id_customer`, `tgl_pendaftaran`, `keluhan`, `status_pendaftaran`) VALUES (NULL, NULL, NULL, NULL, NULL)')
 3 SYSTEMPATH\Database\BaseConnection.php(606): CodeIgniter\Database\BaseConnection->simpleQuery('INSERT INTO `tbl_pendaftaran` (`no_pendaftaran`, `id_customer`, `tgl_pendaftaran`, `keluhan`, `status_pendaftaran`) VALUES (NULL, NULL, NULL, NULL, NULL)')
 4 SYSTEMPATH\Database\BaseBuilder.php(2309): CodeIgniter\Database\BaseConnection->query('INSERT INTO `tbl_pendaftaran` (`no_pendaftaran`, `id_customer`, `tgl_pendaftaran`, `keluhan`, `status_pendaftaran`) VALUES (:no_pendaftaran:, :id_customer:, :tgl_pendaftaran:, :keluhan:, :status_pendaftaran:)', [...], false)
 5 SYSTEMPATH\Model.php(330): CodeIgniter\Database\BaseBuilder->insert()
 6 SYSTEMPATH\BaseModel.php(782): CodeIgniter\Model->doInsert([...])
 7 SYSTEMPATH\Model.php(730): CodeIgniter\BaseModel->insert([...], true)
 8 APPPATH\Controllers\PendaftaranController.php(92): CodeIgniter\Model->insert([...])
 9 SYSTEMPATH\CodeIgniter.php(934): App\Controllers\PendaftaranController->generate()
10 SYSTEMPATH\CodeIgniter.php(499): CodeIgniter\CodeIgniter->runController(Object(App\Controllers\PendaftaranController))
11 SYSTEMPATH\CodeIgniter.php(368): CodeIgniter\CodeIgniter->handleRequest(null, Object(Config\Cache), false)
12 FCPATH\index.php(67): CodeIgniter\CodeIgniter->run()
13 SYSTEMPATH\Commands\Server\rewrite.php(47): require_once('C:\\xampp\\htdocs\\databaseKlinik\\klinik2\\public\\index.php')
INFO - 2023-06-23 13:37:57 --> Session: Class initialized using 'CodeIgniter\Session\Handlers\FileHandler' driver.
INFO - 2023-06-23 13:38:01 --> Session: Class initialized using 'CodeIgniter\Session\Handlers\FileHandler' driver.
INFO - 2023-06-23 13:39:33 --> Session: Class initialized using 'CodeIgniter\Session\Handlers\FileHandler' driver.
INFO - 2023-06-23 13:39:35 --> Session: Class initialized using 'CodeIgniter\Session\Handlers\FileHandler' driver.
INFO - 2023-06-23 13:41:30 --> Session: Class initialized using 'CodeIgniter\Session\Handlers\FileHandler' driver.
INFO - 2023-06-23 13:41:33 --> Session: Class initialized using 'CodeIgniter\Session\Handlers\FileHandler' driver.
INFO - 2023-06-23 13:41:55 --> Session: Class initialized using 'CodeIgniter\Session\Handlers\FileHandler' driver.
INFO - 2023-06-23 13:44:26 --> Session: Class initialized using 'CodeIgniter\Session\Handlers\FileHandler' driver.
INFO - 2023-06-23 13:44:39 --> Session: Class initialized using 'CodeIgniter\Session\Handlers\FileHandler' driver.
INFO - 2023-06-23 13:48:37 --> Session: Class initialized using 'CodeIgniter\Session\Handlers\FileHandler' driver.
INFO - 2023-06-23 13:55:32 --> Session: Class initialized using 'CodeIgniter\Session\Handlers\FileHandler' driver.
INFO - 2023-06-23 13:56:44 --> Session: Class initialized using 'CodeIgniter\Session\Handlers\FileHandler' driver.
INFO - 2023-06-23 13:57:55 --> Session: Class initialized using 'CodeIgniter\Session\Handlers\FileHandler' driver.
INFO - 2023-06-23 13:59:38 --> Session: Class initialized using 'CodeIgniter\Session\Handlers\FileHandler' driver.
INFO - 2023-06-23 13:59:47 --> Session: Class initialized using 'CodeIgniter\Session\Handlers\FileHandler' driver.
INFO - 2023-06-23 14:04:37 --> Session: Class initialized using 'CodeIgniter\Session\Handlers\FileHandler' driver.
INFO - 2023-06-23 14:05:50 --> Session: Class initialized using 'CodeIgniter\Session\Handlers\FileHandler' driver.
CRITICAL - 2023-06-23 14:05:50 --> Invalid file: "list.php"
in SYSTEMPATH\Exceptions\FrameworkException.php on line 33.
 1 SYSTEMPATH\View\View.php(201): CodeIgniter\Exceptions\FrameworkException::forInvalidFile('list.php')
 2 SYSTEMPATH\Common.php(1184): CodeIgniter\View\View->render('list', [], true)
 3 APPPATH\Controllers\PdfController.php(22): view('list')
 4 SYSTEMPATH\CodeIgniter.php(934): App\Controllers\PdfController->generate()
 5 SYSTEMPATH\CodeIgniter.php(499): CodeIgniter\CodeIgniter->runController(Object(App\Controllers\PdfController))
 6 SYSTEMPATH\CodeIgniter.php(368): CodeIgniter\CodeIgniter->handleRequest(null, Object(Config\Cache), false)
 7 FCPATH\index.php(67): CodeIgniter\CodeIgniter->run()
 8 SYSTEMPATH\Commands\Server\rewrite.php(47): require_once('C:\\xampp\\htdocs\\databaseKlinik\\klinik2\\public\\index.php')
INFO - 2023-06-23 14:07:58 --> Session: Class initialized using 'CodeIgniter\Session\Handlers\FileHandler' driver.
INFO - 2023-06-23 14:08:01 --> Session: Class initialized using 'CodeIgniter\Session\Handlers\FileHandler' driver.
CRITICAL - 2023-06-23 14:08:01 --> Invalid file: "app/views/kasir/pendaftaran/list.php"
in SYSTEMPATH\Exceptions\FrameworkException.php on line 33.
 1 SYSTEMPATH\View\View.php(201): CodeIgniter\Exceptions\FrameworkException::forInvalidFile('app/views/kasir/pendaftaran/list.php')
 2 SYSTEMPATH\Common.php(1184): CodeIgniter\View\View->render('app/views/kasir/pendaftaran/list', [], true)
 3 APPPATH\Controllers\PdfController.php(22): view('app/views/kasir/pendaftaran/list')
 4 SYSTEMPATH\CodeIgniter.php(934): App\Controllers\PdfController->generate()
 5 SYSTEMPATH\CodeIgniter.php(499): CodeIgniter\CodeIgniter->runController(Object(App\Controllers\PdfController))
 6 SYSTEMPATH\CodeIgniter.php(368): CodeIgniter\CodeIgniter->handleRequest(null, Object(Config\Cache), false)
 7 FCPATH\index.php(67): CodeIgniter\CodeIgniter->run()
 8 SYSTEMPATH\Commands\Server\rewrite.php(47): require_once('C:\\xampp\\htdocs\\databaseKlinik\\klinik2\\public\\index.php')
INFO - 2023-06-23 14:08:37 --> Session: Class initialized using 'CodeIgniter\Session\Handlers\FileHandler' driver.
CRITICAL - 2023-06-23 14:08:37 --> Invalid file: "app/views/kasir/pendaftaran/list.php"
in SYSTEMPATH\Exceptions\FrameworkException.php on line 33.
 1 SYSTEMPATH\View\View.php(201): CodeIgniter\Exceptions\FrameworkException::forInvalidFile('app/views/kasir/pendaftaran/list.php')
 2 SYSTEMPATH\Common.php(1184): CodeIgniter\View\View->render('app/views/kasir/pendaftaran/list', [], true)
 3 APPPATH\Controllers\PdfController.php(22): view('app/views/kasir/pendaftaran/list')
 4 SYSTEMPATH\CodeIgniter.php(934): App\Controllers\PdfController->generate()
 5 SYSTEMPATH\CodeIgniter.php(499): CodeIgniter\CodeIgniter->runController(Object(App\Controllers\PdfController))
 6 SYSTEMPATH\CodeIgniter.php(368): CodeIgniter\CodeIgniter->handleRequest(null, Object(Config\Cache), false)
 7 FCPATH\index.php(67): CodeIgniter\CodeIgniter->run()
 8 SYSTEMPATH\Commands\Server\rewrite.php(47): require_once('C:\\xampp\\htdocs\\databaseKlinik\\klinik2\\public\\index.php')
INFO - 2023-06-23 14:08:39 --> Session: Class initialized using 'CodeIgniter\Session\Handlers\FileHandler' driver.
INFO - 2023-06-23 14:08:41 --> Session: Class initialized using 'CodeIgniter\Session\Handlers\FileHandler' driver.
CRITICAL - 2023-06-23 14:08:41 --> Invalid file: "app/views/kasir/pendaftaran/list.php"
in SYSTEMPATH\Exceptions\FrameworkException.php on line 33.
 1 SYSTEMPATH\View\View.php(201): CodeIgniter\Exceptions\FrameworkException::forInvalidFile('app/views/kasir/pendaftaran/list.php')
 2 SYSTEMPATH\Common.php(1184): CodeIgniter\View\View->render('app/views/kasir/pendaftaran/list', [], true)
 3 APPPATH\Controllers\PdfController.php(22): view('app/views/kasir/pendaftaran/list')
 4 SYSTEMPATH\CodeIgniter.php(934): App\Controllers\PdfController->generate()
 5 SYSTEMPATH\CodeIgniter.php(499): CodeIgniter\CodeIgniter->runController(Object(App\Controllers\PdfController))
 6 SYSTEMPATH\CodeIgniter.php(368): CodeIgniter\CodeIgniter->handleRequest(null, Object(Config\Cache), false)
 7 FCPATH\index.php(67): CodeIgniter\CodeIgniter->run()
 8 SYSTEMPATH\Commands\Server\rewrite.php(47): require_once('C:\\xampp\\htdocs\\databaseKlinik\\klinik2\\public\\index.php')
INFO - 2023-06-23 14:10:12 --> Session: Class initialized using 'CodeIgniter\Session\Handlers\FileHandler' driver.
INFO - 2023-06-23 14:10:14 --> Session: Class initialized using 'CodeIgniter\Session\Handlers\FileHandler' driver.
CRITICAL - 2023-06-23 14:10:14 --> Undefined variable: title
in APPPATH\Views\pdf_view.php on line 9.
 1 APPPATH\Views\pdf_view.php(9): CodeIgniter\Debug\Exceptions->errorHandler(8, 'Undefined variable: title', 'C:\\xampp\\htdocs\\databaseKlinik\\klinik2\\app\\Views\\pdf_view.php', 9, [])
 2 SYSTEMPATH\View\View.php(213): include('C:\\xampp\\htdocs\\databaseKlinik\\klinik2\\app\\Views\\pdf_view.php')
 3 SYSTEMPATH\View\View.php(216): CodeIgniter\View\View->CodeIgniter\View\{closure}()
 4 SYSTEMPATH\Common.php(1184): CodeIgniter\View\View->render('pdf_view', [], true)
 5 APPPATH\Controllers\PdfController.php(22): view('pdf_view')
 6 SYSTEMPATH\CodeIgniter.php(934): App\Controllers\PdfController->generate()
 7 SYSTEMPATH\CodeIgniter.php(499): CodeIgniter\CodeIgniter->runController(Object(App\Controllers\PdfController))
 8 SYSTEMPATH\CodeIgniter.php(368): CodeIgniter\CodeIgniter->handleRequest(null, Object(Config\Cache), false)
 9 FCPATH\index.php(67): CodeIgniter\CodeIgniter->run()
10 SYSTEMPATH\Commands\Server\rewrite.php(47): require_once('C:\\xampp\\htdocs\\databaseKlinik\\klinik2\\public\\index.php')
INFO - 2023-06-23 14:15:48 --> Session: Class initialized using 'CodeIgniter\Session\Handlers\FileHandler' driver.
INFO - 2023-06-23 15:09:10 --> Session: Class initialized using 'CodeIgniter\Session\Handlers\FileHandler' driver.
INFO - 2023-06-23 15:09:13 --> Session: Class initialized using 'CodeIgniter\Session\Handlers\FileHandler' driver.
CRITICAL - 2023-06-23 15:09:13 --> A non-numeric value encountered
in VENDORPATH\tecnickcom\tcpdf\tcpdf.php on line 3499.
 1 VENDORPATH\tecnickcom\tcpdf\tcpdf.php(3499): CodeIgniter\Debug\Exceptions->errorHandler(2, 'A non-numeric value encountered', 'C:\\xampp\\htdocs\\databaseKlinik\\klinik2\\vendor\\tecnickcom\\tcpdf\\tcpdf.php', 3499, [...])
 2 VENDORPATH\tecnickcom\tcpdf\tcpdf.php(3614): TCPDF->Header()
 3 VENDORPATH\tecnickcom\tcpdf\tcpdf.php(3281): TCPDF->setHeader()
 4 VENDORPATH\tecnickcom\tcpdf\tcpdf.php(3193): TCPDF->startPage('', '', false)
 5 APPPATH\Controllers\PdfController.php(39): TCPDF->AddPage()
 6 SYSTEMPATH\CodeIgniter.php(934): App\Controllers\PdfController->generate()
 7 SYSTEMPATH\CodeIgniter.php(499): CodeIgniter\CodeIgniter->runController(Object(App\Controllers\PdfController))
 8 SYSTEMPATH\CodeIgniter.php(368): CodeIgniter\CodeIgniter->handleRequest(null, Object(Config\Cache), false)
 9 FCPATH\index.php(67): CodeIgniter\CodeIgniter->run()
10 SYSTEMPATH\Commands\Server\rewrite.php(47): require_once('C:\\xampp\\htdocs\\databaseKlinik\\klinik2\\public\\index.php')
INFO - 2023-06-23 15:10:16 --> Session: Class initialized using 'CodeIgniter\Session\Handlers\FileHandler' driver.
INFO - 2023-06-23 15:10:19 --> Session: Class initialized using 'CodeIgniter\Session\Handlers\FileHandler' driver.
CRITICAL - 2023-06-23 15:10:19 --> A non-numeric value encountered
in VENDORPATH\tecnickcom\tcpdf\tcpdf.php on line 3499.
 1 VENDORPATH\tecnickcom\tcpdf\tcpdf.php(3499): CodeIgniter\Debug\Exceptions->errorHandler(2, 'A non-numeric value encountered', 'C:\\xampp\\htdocs\\databaseKlinik\\klinik2\\vendor\\tecnickcom\\tcpdf\\tcpdf.php', 3499, [...])
 2 VENDORPATH\tecnickcom\tcpdf\tcpdf.php(3614): TCPDF->Header()
 3 VENDORPATH\tecnickcom\tcpdf\tcpdf.php(3281): TCPDF->setHeader()
 4 VENDORPATH\tecnickcom\tcpdf\tcpdf.php(3193): TCPDF->startPage('', '', false)
 5 APPPATH\Controllers\PdfController.php(39): TCPDF->AddPage()
 6 SYSTEMPATH\CodeIgniter.php(934): App\Controllers\PdfController->generate()
 7 SYSTEMPATH\CodeIgniter.php(499): CodeIgniter\CodeIgniter->runController(Object(App\Controllers\PdfController))
 8 SYSTEMPATH\CodeIgniter.php(368): CodeIgniter\CodeIgniter->handleRequest(null, Object(Config\Cache), false)
 9 FCPATH\index.php(67): CodeIgniter\CodeIgniter->run()
10 SYSTEMPATH\Commands\Server\rewrite.php(47): require_once('C:\\xampp\\htdocs\\databaseKlinik\\klinik2\\public\\index.php')
INFO - 2023-06-23 15:13:12 --> Session: Class initialized using 'CodeIgniter\Session\Handlers\FileHandler' driver.
INFO - 2023-06-23 15:13:17 --> Session: Class initialized using 'CodeIgniter\Session\Handlers\FileHandler' driver.
CRITICAL - 2023-06-23 15:13:17 --> A non-numeric value encountered
in VENDORPATH\tecnickcom\tcpdf\tcpdf.php on line 3499.
 1 VENDORPATH\tecnickcom\tcpdf\tcpdf.php(3499): CodeIgniter\Debug\Exceptions->errorHandler(2, 'A non-numeric value encountered', 'C:\\xampp\\htdocs\\databaseKlinik\\klinik2\\vendor\\tecnickcom\\tcpdf\\tcpdf.php', 3499, [...])
 2 VENDORPATH\tecnickcom\tcpdf\tcpdf.php(3614): TCPDF->Header()
 3 VENDORPATH\tecnickcom\tcpdf\tcpdf.php(3281): TCPDF->setHeader()
 4 VENDORPATH\tecnickcom\tcpdf\tcpdf.php(3193): TCPDF->startPage('', '', false)
 5 APPPATH\Controllers\PdfController.php(38): TCPDF->AddPage()
 6 SYSTEMPATH\CodeIgniter.php(934): App\Controllers\PdfController->generate()
 7 SYSTEMPATH\CodeIgniter.php(499): CodeIgniter\CodeIgniter->runController(Object(App\Controllers\PdfController))
 8 SYSTEMPATH\CodeIgniter.php(368): CodeIgniter\CodeIgniter->handleRequest(null, Object(Config\Cache), false)
 9 FCPATH\index.php(67): CodeIgniter\CodeIgniter->run()
10 SYSTEMPATH\Commands\Server\rewrite.php(47): require_once('C:\\xampp\\htdocs\\databaseKlinik\\klinik2\\public\\index.php')
INFO - 2023-06-23 15:18:03 --> Session: Class initialized using 'CodeIgniter\Session\Handlers\FileHandler' driver.
INFO - 2023-06-23 15:18:05 --> Session: Class initialized using 'CodeIgniter\Session\Handlers\FileHandler' driver.
CRITICAL - 2023-06-23 15:18:06 --> Trying to access array offset on value of type int
in VENDORPATH\tecnickcom\tcpdf\tcpdf.php on line 2291.
 1 VENDORPATH\tecnickcom\tcpdf\tcpdf.php(2291): CodeIgniter\Debug\Exceptions->errorHandler(8, 'Trying to access array offset on value of type int', 'C:\\xampp\\htdocs\\databaseKlinik\\klinik2\\vendor\\tecnickcom\\tcpdf\\tcpdf.php', 2291, [...])
 2 VENDORPATH\tecnickcom\tcpdf\tcpdf.php(10152): TCPDF->setPageOrientation(1)
 3 VENDORPATH\tecnickcom\tcpdf\tcpdf.php(3273): TCPDF->_beginpage(1, '')
 4 VENDORPATH\tecnickcom\tcpdf\tcpdf.php(3193): TCPDF->startPage(1, '', false)
 5 APPPATH\Controllers\PdfController.php(38): TCPDF->AddPage(1)
 6 SYSTEMPATH\CodeIgniter.php(934): App\Controllers\PdfController->generate()
 7 SYSTEMPATH\CodeIgniter.php(499): CodeIgniter\CodeIgniter->runController(Object(App\Controllers\PdfController))
 8 SYSTEMPATH\CodeIgniter.php(368): CodeIgniter\CodeIgniter->handleRequest(null, Object(Config\Cache), false)
 9 FCPATH\index.php(67): CodeIgniter\CodeIgniter->run()
10 SYSTEMPATH\Commands\Server\rewrite.php(47): require_once('C:\\xampp\\htdocs\\databaseKlinik\\klinik2\\public\\index.php')
INFO - 2023-06-23 15:19:37 --> Session: Class initialized using 'CodeIgniter\Session\Handlers\FileHandler' driver.
CRITICAL - 2023-06-23 15:19:37 --> Trying to access array offset on value of type int
in VENDORPATH\tecnickcom\tcpdf\tcpdf.php on line 2291.
 1 VENDORPATH\tecnickcom\tcpdf\tcpdf.php(2291): CodeIgniter\Debug\Exceptions->errorHandler(8, 'Trying to access array offset on value of type int', 'C:\\xampp\\htdocs\\databaseKlinik\\klinik2\\vendor\\tecnickcom\\tcpdf\\tcpdf.php', 2291, [...])
 2 VENDORPATH\tecnickcom\tcpdf\tcpdf.php(10152): TCPDF->setPageOrientation(2)
 3 VENDORPATH\tecnickcom\tcpdf\tcpdf.php(3273): TCPDF->_beginpage(2, '')
 4 VENDORPATH\tecnickcom\tcpdf\tcpdf.php(3193): TCPDF->startPage(2, '', false)
 5 APPPATH\Controllers\PdfController.php(38): TCPDF->AddPage(2)
 6 SYSTEMPATH\CodeIgniter.php(934): App\Controllers\PdfController->generate()
 7 SYSTEMPATH\CodeIgniter.php(499): CodeIgniter\CodeIgniter->runController(Object(App\Controllers\PdfController))
 8 SYSTEMPATH\CodeIgniter.php(368): CodeIgniter\CodeIgniter->handleRequest(null, Object(Config\Cache), false)
 9 FCPATH\index.php(67): CodeIgniter\CodeIgniter->run()
10 SYSTEMPATH\Commands\Server\rewrite.php(47): require_once('C:\\xampp\\htdocs\\databaseKlinik\\klinik2\\public\\index.php')
INFO - 2023-06-23 15:20:04 --> Session: Class initialized using 'CodeIgniter\Session\Handlers\FileHandler' driver.
INFO - 2023-06-23 15:20:07 --> Session: Class initialized using 'CodeIgniter\Session\Handlers\FileHandler' driver.
CRITICAL - 2023-06-23 15:20:07 --> Trying to access array offset on value of type int
in VENDORPATH\tecnickcom\tcpdf\tcpdf.php on line 2291.
 1 VENDORPATH\tecnickcom\tcpdf\tcpdf.php(2291): CodeIgniter\Debug\Exceptions->errorHandler(8, 'Trying to access array offset on value of type int', 'C:\\xampp\\htdocs\\databaseKlinik\\klinik2\\vendor\\tecnickcom\\tcpdf\\tcpdf.php', 2291, [...])
 2 VENDORPATH\tecnickcom\tcpdf\tcpdf.php(10152): TCPDF->setPageOrientation(10)
 3 VENDORPATH\tecnickcom\tcpdf\tcpdf.php(3273): TCPDF->_beginpage(10, '')
 4 VENDORPATH\tecnickcom\tcpdf\tcpdf.php(3193): TCPDF->startPage(10, '', false)
 5 APPPATH\Controllers\PdfController.php(38): TCPDF->AddPage(10)
 6 SYSTEMPATH\CodeIgniter.php(934): App\Controllers\PdfController->generate()
 7 SYSTEMPATH\CodeIgniter.php(499): CodeIgniter\CodeIgniter->runController(Object(App\Controllers\PdfController))
 8 SYSTEMPATH\CodeIgniter.php(368): CodeIgniter\CodeIgniter->handleRequest(null, Object(Config\Cache), false)
 9 FCPATH\index.php(67): CodeIgniter\CodeIgniter->run()
10 SYSTEMPATH\Commands\Server\rewrite.php(47): require_once('C:\\xampp\\htdocs\\databaseKlinik\\klinik2\\public\\index.php')
INFO - 2023-06-23 15:21:29 --> Session: Class initialized using 'CodeIgniter\Session\Handlers\FileHandler' driver.
CRITICAL - 2023-06-23 15:21:30 --> A non-numeric value encountered
in VENDORPATH\tecnickcom\tcpdf\tcpdf.php on line 3499.
 1 VENDORPATH\tecnickcom\tcpdf\tcpdf.php(3499): CodeIgniter\Debug\Exceptions->errorHandler(2, 'A non-numeric value encountered', 'C:\\xampp\\htdocs\\databaseKlinik\\klinik2\\vendor\\tecnickcom\\tcpdf\\tcpdf.php', 3499, [...])
 2 VENDORPATH\tecnickcom\tcpdf\tcpdf.php(3614): TCPDF->Header()
 3 VENDORPATH\tecnickcom\tcpdf\tcpdf.php(3281): TCPDF->setHeader()
 4 VENDORPATH\tecnickcom\tcpdf\tcpdf.php(3193): TCPDF->startPage('', '', false)
 5 APPPATH\Controllers\PdfController.php(38): TCPDF->AddPage()
 6 SYSTEMPATH\CodeIgniter.php(934): App\Controllers\PdfController->generate()
 7 SYSTEMPATH\CodeIgniter.php(499): CodeIgniter\CodeIgniter->runController(Object(App\Controllers\PdfController))
 8 SYSTEMPATH\CodeIgniter.php(368): CodeIgniter\CodeIgniter->handleRequest(null, Object(Config\Cache), false)
 9 FCPATH\index.php(67): CodeIgniter\CodeIgniter->run()
10 SYSTEMPATH\Commands\Server\rewrite.php(47): require_once('C:\\xampp\\htdocs\\databaseKlinik\\klinik2\\public\\index.php')
INFO - 2023-06-23 15:21:58 --> Session: Class initialized using 'CodeIgniter\Session\Handlers\FileHandler' driver.
CRITICAL - 2023-06-23 15:21:58 --> Trying to access array offset on value of type int
in VENDORPATH\tecnickcom\tcpdf\tcpdf.php on line 2291.
 1 VENDORPATH\tecnickcom\tcpdf\tcpdf.php(2291): CodeIgniter\Debug\Exceptions->errorHandler(8, 'Trying to access array offset on value of type int', 'C:\\xampp\\htdocs\\databaseKlinik\\klinik2\\vendor\\tecnickcom\\tcpdf\\tcpdf.php', 2291, [...])
 2 VENDORPATH\tecnickcom\tcpdf\tcpdf.php(10152): TCPDF->setPageOrientation(2)
 3 VENDORPATH\tecnickcom\tcpdf\tcpdf.php(3273): TCPDF->_beginpage(2, '')
 4 VENDORPATH\tecnickcom\tcpdf\tcpdf.php(3193): TCPDF->startPage(2, '', false)
 5 APPPATH\Controllers\PdfController.php(38): TCPDF->AddPage(2)
 6 SYSTEMPATH\CodeIgniter.php(934): App\Controllers\PdfController->generate()
 7 SYSTEMPATH\CodeIgniter.php(499): CodeIgniter\CodeIgniter->runController(Object(App\Controllers\PdfController))
 8 SYSTEMPATH\CodeIgniter.php(368): CodeIgniter\CodeIgniter->handleRequest(null, Object(Config\Cache), false)
 9 FCPATH\index.php(67): CodeIgniter\CodeIgniter->run()
10 SYSTEMPATH\Commands\Server\rewrite.php(47): require_once('C:\\xampp\\htdocs\\databaseKlinik\\klinik2\\public\\index.php')
INFO - 2023-06-23 15:22:19 --> Session: Class initialized using 'CodeIgniter\Session\Handlers\FileHandler' driver.
CRITICAL - 2023-06-23 15:22:19 --> Trying to access array offset on value of type int
in VENDORPATH\tecnickcom\tcpdf\tcpdf.php on line 2291.
 1 VENDORPATH\tecnickcom\tcpdf\tcpdf.php(2291): CodeIgniter\Debug\Exceptions->errorHandler(8, 'Trying to access array offset on value of type int', 'C:\\xampp\\htdocs\\databaseKlinik\\klinik2\\vendor\\tecnickcom\\tcpdf\\tcpdf.php', 2291, [...])
 2 VENDORPATH\tecnickcom\tcpdf\tcpdf.php(10152): TCPDF->setPageOrientation(1)
 3 VENDORPATH\tecnickcom\tcpdf\tcpdf.php(3273): TCPDF->_beginpage(1, '')
 4 VENDORPATH\tecnickcom\tcpdf\tcpdf.php(3193): TCPDF->startPage(1, '', false)
 5 APPPATH\Controllers\PdfController.php(38): TCPDF->AddPage(1)
 6 SYSTEMPATH\CodeIgniter.php(934): App\Controllers\PdfController->generate()
 7 SYSTEMPATH\CodeIgniter.php(499): CodeIgniter\CodeIgniter->runController(Object(App\Controllers\PdfController))
 8 SYSTEMPATH\CodeIgniter.php(368): CodeIgniter\CodeIgniter->handleRequest(null, Object(Config\Cache), false)
 9 FCPATH\index.php(67): CodeIgniter\CodeIgniter->run()
10 SYSTEMPATH\Commands\Server\rewrite.php(47): require_once('C:\\xampp\\htdocs\\databaseKlinik\\klinik2\\public\\index.php')
INFO - 2023-06-23 15:22:38 --> Session: Class initialized using 'CodeIgniter\Session\Handlers\FileHandler' driver.
CRITICAL - 2023-06-23 15:22:38 --> A non-numeric value encountered
in VENDORPATH\tecnickcom\tcpdf\tcpdf.php on line 3499.
 1 VENDORPATH\tecnickcom\tcpdf\tcpdf.php(3499): CodeIgniter\Debug\Exceptions->errorHandler(2, 'A non-numeric value encountered', 'C:\\xampp\\htdocs\\databaseKlinik\\klinik2\\vendor\\tecnickcom\\tcpdf\\tcpdf.php', 3499, [...])
 2 VENDORPATH\tecnickcom\tcpdf\tcpdf.php(3614): TCPDF->Header()
 3 VENDORPATH\tecnickcom\tcpdf\tcpdf.php(3281): TCPDF->setHeader()
 4 VENDORPATH\tecnickcom\tcpdf\tcpdf.php(3193): TCPDF->startPage(0, '', false)
 5 APPPATH\Controllers\PdfController.php(38): TCPDF->AddPage(0)
 6 SYSTEMPATH\CodeIgniter.php(934): App\Controllers\PdfController->generate()
 7 SYSTEMPATH\CodeIgniter.php(499): CodeIgniter\CodeIgniter->runController(Object(App\Controllers\PdfController))
 8 SYSTEMPATH\CodeIgniter.php(368): CodeIgniter\CodeIgniter->handleRequest(null, Object(Config\Cache), false)
 9 FCPATH\index.php(67): CodeIgniter\CodeIgniter->run()
10 SYSTEMPATH\Commands\Server\rewrite.php(47): require_once('C:\\xampp\\htdocs\\databaseKlinik\\klinik2\\public\\index.php')
INFO - 2023-06-23 15:23:12 --> Session: Class initialized using 'CodeIgniter\Session\Handlers\FileHandler' driver.
CRITICAL - 2023-06-23 15:23:13 --> Trying to access array offset on value of type int
in VENDORPATH\tecnickcom\tcpdf\tcpdf.php on line 2291.
 1 VENDORPATH\tecnickcom\tcpdf\tcpdf.php(2291): CodeIgniter\Debug\Exceptions->errorHandler(8, 'Trying to access array offset on value of type int', 'C:\\xampp\\htdocs\\databaseKlinik\\klinik2\\vendor\\tecnickcom\\tcpdf\\tcpdf.php', 2291, [...])
 2 VENDORPATH\tecnickcom\tcpdf\tcpdf.php(10152): TCPDF->setPageOrientation(5)
 3 VENDORPATH\tecnickcom\tcpdf\tcpdf.php(3273): TCPDF->_beginpage(5, '')
 4 VENDORPATH\tecnickcom\tcpdf\tcpdf.php(3193): TCPDF->startPage(5, '', false)
 5 APPPATH\Controllers\PdfController.php(38): TCPDF->AddPage(5)
 6 SYSTEMPATH\CodeIgniter.php(934): App\Controllers\PdfController->generate()
 7 SYSTEMPATH\CodeIgniter.php(499): CodeIgniter\CodeIgniter->runController(Object(App\Controllers\PdfController))
 8 SYSTEMPATH\CodeIgniter.php(368): CodeIgniter\CodeIgniter->handleRequest(null, Object(Config\Cache), false)
 9 FCPATH\index.php(67): CodeIgniter\CodeIgniter->run()
10 SYSTEMPATH\Commands\Server\rewrite.php(47): require_once('C:\\xampp\\htdocs\\databaseKlinik\\klinik2\\public\\index.php')
INFO - 2023-06-23 15:25:38 --> Session: Class initialized using 'CodeIgniter\Session\Handlers\FileHandler' driver.
CRITICAL - 2023-06-23 15:25:39 --> Trying to access array offset on value of type int
in VENDORPATH\tecnickcom\tcpdf\tcpdf.php on line 2291.
 1 VENDORPATH\tecnickcom\tcpdf\tcpdf.php(2291): CodeIgniter\Debug\Exceptions->errorHandler(8, 'Trying to access array offset on value of type int', 'C:\\xampp\\htdocs\\databaseKlinik\\klinik2\\vendor\\tecnickcom\\tcpdf\\tcpdf.php', 2291, [...])
 2 VENDORPATH\tecnickcom\tcpdf\tcpdf.php(10152): TCPDF->setPageOrientation(1)
 3 VENDORPATH\tecnickcom\tcpdf\tcpdf.php(3273): TCPDF->_beginpage(1, '')
 4 VENDORPATH\tecnickcom\tcpdf\tcpdf.php(3193): TCPDF->startPage(1, '', false)
 5 APPPATH\Controllers\PdfController.php(38): TCPDF->AddPage(1)
 6 SYSTEMPATH\CodeIgniter.php(934): App\Controllers\PdfController->generate()
 7 SYSTEMPATH\CodeIgniter.php(499): CodeIgniter\CodeIgniter->runController(Object(App\Controllers\PdfController))
 8 SYSTEMPATH\CodeIgniter.php(368): CodeIgniter\CodeIgniter->handleRequest(null, Object(Config\Cache), false)
 9 FCPATH\index.php(67): CodeIgniter\CodeIgniter->run()
10 SYSTEMPATH\Commands\Server\rewrite.php(47): require_once('C:\\xampp\\htdocs\\databaseKlinik\\klinik2\\public\\index.php')
INFO - 2023-06-23 15:27:01 --> Session: Class initialized using 'CodeIgniter\Session\Handlers\FileHandler' driver.
CRITICAL - 2023-06-23 15:27:01 --> Trying to access array offset on value of type int
in VENDORPATH\tecnickcom\tcpdf\tcpdf.php on line 2291.
 1 VENDORPATH\tecnickcom\tcpdf\tcpdf.php(2291): CodeIgniter\Debug\Exceptions->errorHandler(8, 'Trying to access array offset on value of type int', 'C:\\xampp\\htdocs\\databaseKlinik\\klinik2\\vendor\\tecnickcom\\tcpdf\\tcpdf.php', 2291, [...])
 2 VENDORPATH\tecnickcom\tcpdf\tcpdf.php(10152): TCPDF->setPageOrientation(1)
 3 VENDORPATH\tecnickcom\tcpdf\tcpdf.php(3273): TCPDF->_beginpage(1, '')
 4 VENDORPATH\tecnickcom\tcpdf\tcpdf.php(3193): TCPDF->startPage(1, '', false)
 5 APPPATH\Controllers\PdfController.php(38): TCPDF->AddPage(1)
 6 SYSTEMPATH\CodeIgniter.php(934): App\Controllers\PdfController->generate()
 7 SYSTEMPATH\CodeIgniter.php(499): CodeIgniter\CodeIgniter->runController(Object(App\Controllers\PdfController))
 8 SYSTEMPATH\CodeIgniter.php(368): CodeIgniter\CodeIgniter->handleRequest(null, Object(Config\Cache), false)
 9 FCPATH\index.php(67): CodeIgniter\CodeIgniter->run()
10 SYSTEMPATH\Commands\Server\rewrite.php(47): require_once('C:\\xampp\\htdocs\\databaseKlinik\\klinik2\\public\\index.php')
INFO - 2023-06-23 15:29:06 --> Session: Class initialized using 'CodeIgniter\Session\Handlers\FileHandler' driver.
INFO - 2023-06-23 15:29:32 --> Session: Class initialized using 'CodeIgniter\Session\Handlers\FileHandler' driver.
CRITICAL - 2023-06-23 15:29:32 --> App\Controllers\PdfController::generate(): Failed opening required 'C:\xampp\htdocs\databaseKlinik\klinik2\app\ThirdParty/tcpdf/tcpdf.php' (include_path='C:\xampp\php\PEAR')
in APPPATH\Controllers\PdfController.php on line 12.
 1 [internal function]: CodeIgniter\Debug\Exceptions->shutdownHandler()
INFO - 2023-06-23 23:07:37 --> Session: Class initialized using 'CodeIgniter\Session\Handlers\FileHandler' driver.
INFO - 2023-06-23 23:07:46 --> Session: Class initialized using 'CodeIgniter\Session\Handlers\FileHandler' driver.
INFO - 2023-06-23 23:07:46 --> Session: Class initialized using 'CodeIgniter\Session\Handlers\FileHandler' driver.
INFO - 2023-06-23 23:07:50 --> Session: Class initialized using 'CodeIgniter\Session\Handlers\FileHandler' driver.
INFO - 2023-06-23 23:07:53 --> Session: Class initialized using 'CodeIgniter\Session\Handlers\FileHandler' driver.
CRITICAL - 2023-06-23 23:07:53 --> A non-numeric value encountered
in VENDORPATH\tecnickcom\tcpdf\tcpdf.php on line 3499.
 1 VENDORPATH\tecnickcom\tcpdf\tcpdf.php(3499): CodeIgniter\Debug\Exceptions->errorHandler(2, 'A non-numeric value encountered', 'C:\\xampp\\htdocs\\databaseKlinik\\klinik2\\vendor\\tecnickcom\\tcpdf\\tcpdf.php', 3499, [...])
 2 VENDORPATH\tecnickcom\tcpdf\tcpdf.php(3614): TCPDF->Header()
 3 VENDORPATH\tecnickcom\tcpdf\tcpdf.php(3281): TCPDF->setHeader()
 4 VENDORPATH\tecnickcom\tcpdf\tcpdf.php(3193): TCPDF->startPage('', '', false)
 5 APPPATH\Controllers\PdfController.php(30): TCPDF->AddPage()
 6 SYSTEMPATH\CodeIgniter.php(934): App\Controllers\PdfController->generate()
 7 SYSTEMPATH\CodeIgniter.php(499): CodeIgniter\CodeIgniter->runController(Object(App\Controllers\PdfController))
 8 SYSTEMPATH\CodeIgniter.php(368): CodeIgniter\CodeIgniter->handleRequest(null, Object(Config\Cache), false)
 9 FCPATH\index.php(67): CodeIgniter\CodeIgniter->run()
10 SYSTEMPATH\Commands\Server\rewrite.php(47): require_once('C:\\xampp\\htdocs\\databaseKlinik\\klinik2\\public\\index.php')
INFO - 2023-06-23 23:09:40 --> Session: Class initialized using 'CodeIgniter\Session\Handlers\FileHandler' driver.
INFO - 2023-06-23 23:09:43 --> Session: Class initialized using 'CodeIgniter\Session\Handlers\FileHandler' driver.
CRITICAL - 2023-06-23 23:09:43 --> A non-numeric value encountered
in VENDORPATH\tecnickcom\tcpdf\tcpdf.php on line 3499.
 1 VENDORPATH\tecnickcom\tcpdf\tcpdf.php(3499): CodeIgniter\Debug\Exceptions->errorHandler(2, 'A non-numeric value encountered', 'C:\\xampp\\htdocs\\databaseKlinik\\klinik2\\vendor\\tecnickcom\\tcpdf\\tcpdf.php', 3499, [...])
 2 VENDORPATH\tecnickcom\tcpdf\tcpdf.php(3614): TCPDF->Header()
 3 VENDORPATH\tecnickcom\tcpdf\tcpdf.php(3281): TCPDF->setHeader()
 4 VENDORPATH\tecnickcom\tcpdf\tcpdf.php(3193): TCPDF->startPage('', '', false)
 5 APPPATH\Controllers\PdfController.php(35): TCPDF->AddPage()
 6 SYSTEMPATH\CodeIgniter.php(934): App\Controllers\PdfController->generate()
 7 SYSTEMPATH\CodeIgniter.php(499): CodeIgniter\CodeIgniter->runController(Object(App\Controllers\PdfController))
 8 SYSTEMPATH\CodeIgniter.php(368): CodeIgniter\CodeIgniter->handleRequest(null, Object(Config\Cache), false)
 9 FCPATH\index.php(67): CodeIgniter\CodeIgniter->run()
10 SYSTEMPATH\Commands\Server\rewrite.php(47): require_once('C:\\xampp\\htdocs\\databaseKlinik\\klinik2\\public\\index.php')
INFO - 2023-06-23 23:10:47 --> Session: Class initialized using 'CodeIgniter\Session\Handlers\FileHandler' driver.
INFO - 2023-06-23 23:10:49 --> Session: Class initialized using 'CodeIgniter\Session\Handlers\FileHandler' driver.
CRITICAL - 2023-06-23 23:10:49 --> A non-numeric value encountered
in VENDORPATH\tecnickcom\tcpdf\tcpdf.php on line 3499.
 1 VENDORPATH\tecnickcom\tcpdf\tcpdf.php(3499): CodeIgniter\Debug\Exceptions->errorHandler(2, 'A non-numeric value encountered', 'C:\\xampp\\htdocs\\databaseKlinik\\klinik2\\vendor\\tecnickcom\\tcpdf\\tcpdf.php', 3499, [...])
 2 VENDORPATH\tecnickcom\tcpdf\tcpdf.php(3614): TCPDF->Header()
 3 VENDORPATH\tecnickcom\tcpdf\tcpdf.php(3281): TCPDF->setHeader()
 4 VENDORPATH\tecnickcom\tcpdf\tcpdf.php(3193): TCPDF->startPage('', '', false)
 5 APPPATH\Controllers\PdfController.php(35): TCPDF->AddPage()
 6 SYSTEMPATH\CodeIgniter.php(934): App\Controllers\PdfController->generate()
 7 SYSTEMPATH\CodeIgniter.php(499): CodeIgniter\CodeIgniter->runController(Object(App\Controllers\PdfController))
 8 SYSTEMPATH\CodeIgniter.php(368): CodeIgniter\CodeIgniter->handleRequest(null, Object(Config\Cache), false)
 9 FCPATH\index.php(67): CodeIgniter\CodeIgniter->run()
10 SYSTEMPATH\Commands\Server\rewrite.php(47): require_once('C:\\xampp\\htdocs\\databaseKlinik\\klinik2\\public\\index.php')
INFO - 2023-06-23 23:12:54 --> Session: Class initialized using 'CodeIgniter\Session\Handlers\FileHandler' driver.
INFO - 2023-06-23 23:12:56 --> Session: Class initialized using 'CodeIgniter\Session\Handlers\FileHandler' driver.
CRITICAL - 2023-06-23 23:12:57 --> Invalid file: "list.php"
in SYSTEMPATH\Exceptions\FrameworkException.php on line 33.
 1 SYSTEMPATH\View\View.php(201): CodeIgniter\Exceptions\FrameworkException::forInvalidFile('list.php')
 2 SYSTEMPATH\Common.php(1184): CodeIgniter\View\View->render('list', [], true)
 3 APPPATH\Controllers\PdfController.php(24): view('list', [...])
 4 SYSTEMPATH\CodeIgniter.php(934): App\Controllers\PdfController->generate()
 5 SYSTEMPATH\CodeIgniter.php(499): CodeIgniter\CodeIgniter->runController(Object(App\Controllers\PdfController))
 6 SYSTEMPATH\CodeIgniter.php(368): CodeIgniter\CodeIgniter->handleRequest(null, Object(Config\Cache), false)
 7 FCPATH\index.php(67): CodeIgniter\CodeIgniter->run()
 8 SYSTEMPATH\Commands\Server\rewrite.php(47): require_once('C:\\xampp\\htdocs\\databaseKlinik\\klinik2\\public\\index.php')
INFO - 2023-06-23 23:14:01 --> Session: Class initialized using 'CodeIgniter\Session\Handlers\FileHandler' driver.
INFO - 2023-06-23 23:14:03 --> Session: Class initialized using 'CodeIgniter\Session\Handlers\FileHandler' driver.
CRITICAL - 2023-06-23 23:14:03 --> Invalid file: "app/views/kasir/pemdaftaran/list.php"
in SYSTEMPATH\Exceptions\FrameworkException.php on line 33.
 1 SYSTEMPATH\View\View.php(201): CodeIgniter\Exceptions\FrameworkException::forInvalidFile('app/views/kasir/pemdaftaran/list.php')
 2 SYSTEMPATH\Common.php(1184): CodeIgniter\View\View->render('app/views/kasir/pemdaftaran/list', [], true)
 3 APPPATH\Controllers\PdfController.php(24): view('app/views/kasir/pemdaftaran/list', [...])
 4 SYSTEMPATH\CodeIgniter.php(934): App\Controllers\PdfController->generate()
 5 SYSTEMPATH\CodeIgniter.php(499): CodeIgniter\CodeIgniter->runController(Object(App\Controllers\PdfController))
 6 SYSTEMPATH\CodeIgniter.php(368): CodeIgniter\CodeIgniter->handleRequest(null, Object(Config\Cache), false)
 7 FCPATH\index.php(67): CodeIgniter\CodeIgniter->run()
 8 SYSTEMPATH\Commands\Server\rewrite.php(47): require_once('C:\\xampp\\htdocs\\databaseKlinik\\klinik2\\public\\index.php')
INFO - 2023-06-23 23:14:20 --> Session: Class initialized using 'CodeIgniter\Session\Handlers\FileHandler' driver.
CRITICAL - 2023-06-23 23:14:20 --> Invalid file: "app/views/kasir/pendaftaran/list.php"
in SYSTEMPATH\Exceptions\FrameworkException.php on line 33.
 1 SYSTEMPATH\View\View.php(201): CodeIgniter\Exceptions\FrameworkException::forInvalidFile('app/views/kasir/pendaftaran/list.php')
 2 SYSTEMPATH\Common.php(1184): CodeIgniter\View\View->render('app/views/kasir/pendaftaran/list', [], true)
 3 APPPATH\Controllers\PdfController.php(24): view('app/views/kasir/pendaftaran/list', [...])
 4 SYSTEMPATH\CodeIgniter.php(934): App\Controllers\PdfController->generate()
 5 SYSTEMPATH\CodeIgniter.php(499): CodeIgniter\CodeIgniter->runController(Object(App\Controllers\PdfController))
 6 SYSTEMPATH\CodeIgniter.php(368): CodeIgniter\CodeIgniter->handleRequest(null, Object(Config\Cache), false)
 7 FCPATH\index.php(67): CodeIgniter\CodeIgniter->run()
 8 SYSTEMPATH\Commands\Server\rewrite.php(47): require_once('C:\\xampp\\htdocs\\databaseKlinik\\klinik2\\public\\index.php')
INFO - 2023-06-23 23:15:18 --> Session: Class initialized using 'CodeIgniter\Session\Handlers\FileHandler' driver.
CRITICAL - 2023-06-23 23:15:18 --> Undefined variable: data_pendaftaran
in APPPATH\Views\pdf_view.php on line 36.
 1 APPPATH\Views\pdf_view.php(36): CodeIgniter\Debug\Exceptions->errorHandler(8, 'Undefined variable: data_pendaftaran', 'C:\\xampp\\htdocs\\databaseKlinik\\klinik2\\app\\Views\\pdf_view.php', 36, [...])
 2 SYSTEMPATH\View\View.php(213): include('C:\\xampp\\htdocs\\databaseKlinik\\klinik2\\app\\Views\\pdf_view.php')
 3 SYSTEMPATH\View\View.php(216): CodeIgniter\View\View->CodeIgniter\View\{closure}()
 4 SYSTEMPATH\Common.php(1184): CodeIgniter\View\View->render('pdf_view', [], true)
 5 APPPATH\Controllers\PdfController.php(24): view('pdf_view', [...])
 6 SYSTEMPATH\CodeIgniter.php(934): App\Controllers\PdfController->generate()
 7 SYSTEMPATH\CodeIgniter.php(499): CodeIgniter\CodeIgniter->runController(Object(App\Controllers\PdfController))
 8 SYSTEMPATH\CodeIgniter.php(368): CodeIgniter\CodeIgniter->handleRequest(null, Object(Config\Cache), false)
 9 FCPATH\index.php(67): CodeIgniter\CodeIgniter->run()
10 SYSTEMPATH\Commands\Server\rewrite.php(47): require_once('C:\\xampp\\htdocs\\databaseKlinik\\klinik2\\public\\index.php')
INFO - 2023-06-23 23:19:45 --> Session: Class initialized using 'CodeIgniter\Session\Handlers\FileHandler' driver.
INFO - 2023-06-23 23:19:45 --> Session: Class initialized using 'CodeIgniter\Session\Handlers\FileHandler' driver.
INFO - 2023-06-23 23:19:53 --> Session: Class initialized using 'CodeIgniter\Session\Handlers\FileHandler' driver.
INFO - 2023-06-23 23:19:56 --> Session: Class initialized using 'CodeIgniter\Session\Handlers\FileHandler' driver.
CRITICAL - 2023-06-23 23:19:57 --> Undefined variable: data_pendaftaran
in APPPATH\Views\pdf_view.php on line 36.
 1 APPPATH\Views\pdf_view.php(36): CodeIgniter\Debug\Exceptions->errorHandler(8, 'Undefined variable: data_pendaftaran', 'C:\\xampp\\htdocs\\databaseKlinik\\klinik2\\app\\Views\\pdf_view.php', 36, [...])
 2 SYSTEMPATH\View\View.php(213): include('C:\\xampp\\htdocs\\databaseKlinik\\klinik2\\app\\Views\\pdf_view.php')
 3 SYSTEMPATH\View\View.php(216): CodeIgniter\View\View->CodeIgniter\View\{closure}()
 4 SYSTEMPATH\Common.php(1184): CodeIgniter\View\View->render('pdf_view', [], true)
 5 APPPATH\Controllers\PdfController.php(24): view('pdf_view', [...])
 6 SYSTEMPATH\CodeIgniter.php(934): App\Controllers\PdfController->generate()
 7 SYSTEMPATH\CodeIgniter.php(499): CodeIgniter\CodeIgniter->runController(Object(App\Controllers\PdfController))
 8 SYSTEMPATH\CodeIgniter.php(368): CodeIgniter\CodeIgniter->handleRequest(null, Object(Config\Cache), false)
 9 FCPATH\index.php(67): CodeIgniter\CodeIgniter->run()
10 SYSTEMPATH\Commands\Server\rewrite.php(47): require_once('C:\\xampp\\htdocs\\databaseKlinik\\klinik2\\public\\index.php')
INFO - 2023-06-23 23:26:44 --> Session: Class initialized using 'CodeIgniter\Session\Handlers\FileHandler' driver.
INFO - 2023-06-23 23:29:51 --> Session: Class initialized using 'CodeIgniter\Session\Handlers\FileHandler' driver.
CRITICAL - 2023-06-23 23:29:52 --> Invalid file: "list.php"
in SYSTEMPATH\Exceptions\FrameworkException.php on line 33.
 1 SYSTEMPATH\View\View.php(201): CodeIgniter\Exceptions\FrameworkException::forInvalidFile('list.php')
 2 SYSTEMPATH\Common.php(1184): CodeIgniter\View\View->render('list', [], true)
 3 APPPATH\Controllers\PdfController.php(15): view('list')
 4 SYSTEMPATH\CodeIgniter.php(934): App\Controllers\PdfController->generate()
 5 SYSTEMPATH\CodeIgniter.php(499): CodeIgniter\CodeIgniter->runController(Object(App\Controllers\PdfController))
 6 SYSTEMPATH\CodeIgniter.php(368): CodeIgniter\CodeIgniter->handleRequest(null, Object(Config\Cache), false)
 7 FCPATH\index.php(67): CodeIgniter\CodeIgniter->run()
 8 SYSTEMPATH\Commands\Server\rewrite.php(47): require_once('C:\\xampp\\htdocs\\databaseKlinik\\klinik2\\public\\index.php')
INFO - 2023-06-23 23:30:12 --> Session: Class initialized using 'CodeIgniter\Session\Handlers\FileHandler' driver.
CRITICAL - 2023-06-23 23:30:12 --> Undefined variable: title
in APPPATH\Views\pdf_view.php on line 9.
 1 APPPATH\Views\pdf_view.php(9): CodeIgniter\Debug\Exceptions->errorHandler(8, 'Undefined variable: title', 'C:\\xampp\\htdocs\\databaseKlinik\\klinik2\\app\\Views\\pdf_view.php', 9, [])
 2 SYSTEMPATH\View\View.php(213): include('C:\\xampp\\htdocs\\databaseKlinik\\klinik2\\app\\Views\\pdf_view.php')
 3 SYSTEMPATH\View\View.php(216): CodeIgniter\View\View->CodeIgniter\View\{closure}()
 4 SYSTEMPATH\Common.php(1184): CodeIgniter\View\View->render('pdf_view', [], true)
 5 APPPATH\Controllers\PdfController.php(15): view('pdf_view')
 6 SYSTEMPATH\CodeIgniter.php(934): App\Controllers\PdfController->generate()
 7 SYSTEMPATH\CodeIgniter.php(499): CodeIgniter\CodeIgniter->runController(Object(App\Controllers\PdfController))
 8 SYSTEMPATH\CodeIgniter.php(368): CodeIgniter\CodeIgniter->handleRequest(null, Object(Config\Cache), false)
 9 FCPATH\index.php(67): CodeIgniter\CodeIgniter->run()
10 SYSTEMPATH\Commands\Server\rewrite.php(47): require_once('C:\\xampp\\htdocs\\databaseKlinik\\klinik2\\public\\index.php')
INFO - 2023-06-23 23:54:07 --> Session: Class initialized using 'CodeIgniter\Session\Handlers\FileHandler' driver.
CRITICAL - 2023-06-23 23:54:07 --> Cannot use object of type stdClass as array
in APPPATH\Controllers\PdfController.php on line 50.
 1 APPPATH\Controllers\PdfController.php(22): App\Controllers\PdfController->generateHtml([...])
 2 SYSTEMPATH\CodeIgniter.php(934): App\Controllers\PdfController->generate()
 3 SYSTEMPATH\CodeIgniter.php(499): CodeIgniter\CodeIgniter->runController(Object(App\Controllers\PdfController))
 4 SYSTEMPATH\CodeIgniter.php(368): CodeIgniter\CodeIgniter->handleRequest(null, Object(Config\Cache), false)
 5 FCPATH\index.php(67): CodeIgniter\CodeIgniter->run()
 6 SYSTEMPATH\Commands\Server\rewrite.php(47): require_once('C:\\xampp\\htdocs\\databaseKlinik\\klinik2\\public\\index.php')
INFO - 2023-06-23 23:54:39 --> Session: Class initialized using 'CodeIgniter\Session\Handlers\FileHandler' driver.
CRITICAL - 2023-06-23 23:54:40 --> Cannot use object of type stdClass as array
in APPPATH\Controllers\PdfController.php on line 51.
 1 APPPATH\Controllers\PdfController.php(22): App\Controllers\PdfController->generateHtml([...])
 2 SYSTEMPATH\CodeIgniter.php(934): App\Controllers\PdfController->generate()
 3 SYSTEMPATH\CodeIgniter.php(499): CodeIgniter\CodeIgniter->runController(Object(App\Controllers\PdfController))
 4 SYSTEMPATH\CodeIgniter.php(368): CodeIgniter\CodeIgniter->handleRequest(null, Object(Config\Cache), false)
 5 FCPATH\index.php(67): CodeIgniter\CodeIgniter->run()
 6 SYSTEMPATH\Commands\Server\rewrite.php(47): require_once('C:\\xampp\\htdocs\\databaseKlinik\\klinik2\\public\\index.php')
INFO - 2023-06-23 23:57:45 --> Session: Class initialized using 'CodeIgniter\Session\Handlers\FileHandler' driver.
CRITICAL - 2023-06-23 23:57:46 --> Cannot use object of type stdClass as array
in APPPATH\Controllers\PdfController.php on line 50.
 1 APPPATH\Controllers\PdfController.php(22): App\Controllers\PdfController->generateHtml([...])
 2 SYSTEMPATH\CodeIgniter.php(934): App\Controllers\PdfController->generate()
 3 SYSTEMPATH\CodeIgniter.php(499): CodeIgniter\CodeIgniter->runController(Object(App\Controllers\PdfController))
 4 SYSTEMPATH\CodeIgniter.php(368): CodeIgniter\CodeIgniter->handleRequest(null, Object(Config\Cache), false)
 5 FCPATH\index.php(67): CodeIgniter\CodeIgniter->run()
 6 SYSTEMPATH\Commands\Server\rewrite.php(47): require_once('C:\\xampp\\htdocs\\databaseKlinik\\klinik2\\public\\index.php')
