INFO - 2023-06-20 01:15:33 --> Session: Class initialized using 'CodeIgniter\Session\Handlers\FileHandler' driver.
INFO - 2023-06-20 01:15:42 --> Session: Class initialized using 'CodeIgniter\Session\Handlers\FileHandler' driver.
INFO - 2023-06-20 01:15:42 --> Session: Class initialized using 'CodeIgniter\Session\Handlers\FileHandler' driver.
INFO - 2023-06-20 01:15:46 --> Session: Class initialized using 'CodeIgniter\Session\Handlers\FileHandler' driver.
INFO - 2023-06-20 01:15:50 --> Session: Class initialized using 'CodeIgniter\Session\Handlers\FileHandler' driver.
INFO - 2023-06-20 01:15:54 --> Session: Class initialized using 'CodeIgniter\Session\Handlers\FileHandler' driver.
INFO - 2023-06-20 01:16:08 --> Session: Class initialized using 'CodeIgniter\Session\Handlers\FileHandler' driver.
INFO - 2023-06-20 01:16:17 --> Session: Class initialized using 'CodeIgniter\Session\Handlers\FileHandler' driver.
INFO - 2023-06-20 01:16:20 --> Session: Class initialized using 'CodeIgniter\Session\Handlers\FileHandler' driver.
INFO - 2023-06-20 01:16:30 --> Session: Class initialized using 'CodeIgniter\Session\Handlers\FileHandler' driver.
INFO - 2023-06-20 01:16:33 --> Session: Class initialized using 'CodeIgniter\Session\Handlers\FileHandler' driver.
ERROR - 2023-06-20 01:16:33 --> mysqli_sql_exception: Column 'username' cannot be null in C:\xampp\htdocs\databaseKlinik\klinik2\system\Database\MySQLi\Connection.php:295
Stack trace:
#0 C:\xampp\htdocs\databaseKlinik\klinik2\system\Database\MySQLi\Connection.php(295): mysqli->query('INSERT INTO `us...', 0)
#1 C:\xampp\htdocs\databaseKlinik\klinik2\system\Database\BaseConnection.php(692): CodeIgniter\Database\MySQLi\Connection->execute('INSERT INTO `us...')
#2 C:\xampp\htdocs\databaseKlinik\klinik2\system\Database\BaseConnection.php(606): CodeIgniter\Database\BaseConnection->simpleQuery('INSERT INTO `us...')
#3 C:\xampp\htdocs\databaseKlinik\klinik2\system\Database\BaseBuilder.php(2309): CodeIgniter\Database\BaseConnection->query('INSERT INTO `us...', Array, false)
#4 C:\xampp\htdocs\databaseKlinik\klinik2\system\Model.php(330): CodeIgniter\Database\BaseBuilder->insert()
#5 C:\xampp\htdocs\databaseKlinik\klinik2\system\BaseModel.php(782): CodeIgniter\Model->doInsert(Array)
#6 C:\xampp\htdocs\databaseKlinik\klinik2\system\Model.php(730): CodeIgniter\BaseModel->insert(Array, true)
#7 C:\xampp\htdocs\databaseKlinik\klinik2\app\Controllers\UserController.php(45): CodeIgniter\Model->insert(Array)
#8 C:\xampp\htdocs\databaseKlinik\klinik2\system\CodeIgniter.php(934): App\Controllers\UserController->store()
#9 C:\xampp\htdocs\databaseKlinik\klinik2\system\CodeIgniter.php(499): CodeIgniter\CodeIgniter->runController(Object(App\Controllers\UserController))
#10 C:\xampp\htdocs\databaseKlinik\klinik2\system\CodeIgniter.php(368): CodeIgniter\CodeIgniter->handleRequest(NULL, Object(Config\Cache), false)
#11 C:\xampp\htdocs\databaseKlinik\klinik2\public\index.php(67): CodeIgniter\CodeIgniter->run()
#12 C:\xampp\htdocs\databaseKlinik\klinik2\system\Commands\Server\rewrite.php(47): require_once('C:\\xampp\\htdocs...')
#13 {main}
CRITICAL - 2023-06-20 01:16:33 --> Column 'username' cannot be null
in SYSTEMPATH\Database\MySQLi\Connection.php on line 295.
 1 SYSTEMPATH\Database\MySQLi\Connection.php(295): mysqli->query('INSERT INTO `user` (`nama_user`, `username`, `password`, `email`, `nohp`, `tgl_lahir`, `role`) VALUES (NULL, NULL, \'$2y$10$TxR/K2LejcOotby8TUTokulYE10Drjjf7tKyytHxaGuYtu9xPSc0e\', NULL, NULL, NULL, NULL)', 0)
 2 SYSTEMPATH\Database\BaseConnection.php(692): CodeIgniter\Database\MySQLi\Connection->execute('INSERT INTO `user` (`nama_user`, `username`, `password`, `email`, `nohp`, `tgl_lahir`, `role`) VALUES (NULL, NULL, \'$2y$10$TxR/K2LejcOotby8TUTokulYE10Drjjf7tKyytHxaGuYtu9xPSc0e\', NULL, NULL, NULL, NULL)')
 3 SYSTEMPATH\Database\BaseConnection.php(606): CodeIgniter\Database\BaseConnection->simpleQuery('INSERT INTO `user` (`nama_user`, `username`, `password`, `email`, `nohp`, `tgl_lahir`, `role`) VALUES (NULL, NULL, \'$2y$10$TxR/K2LejcOotby8TUTokulYE10Drjjf7tKyytHxaGuYtu9xPSc0e\', NULL, NULL, NULL, NULL)')
 4 SYSTEMPATH\Database\BaseBuilder.php(2309): CodeIgniter\Database\BaseConnection->query('INSERT INTO `user` (`nama_user`, `username`, `password`, `email`, `nohp`, `tgl_lahir`, `role`) VALUES (:nama_user:, :username:, :password:, :email:, :nohp:, :tgl_lahir:, :role:)', [...], false)
 5 SYSTEMPATH\Model.php(330): CodeIgniter\Database\BaseBuilder->insert()
 6 SYSTEMPATH\BaseModel.php(782): CodeIgniter\Model->doInsert([...])
 7 SYSTEMPATH\Model.php(730): CodeIgniter\BaseModel->insert([...], true)
 8 APPPATH\Controllers\UserController.php(45): CodeIgniter\Model->insert([...])
 9 SYSTEMPATH\CodeIgniter.php(934): App\Controllers\UserController->store()
10 SYSTEMPATH\CodeIgniter.php(499): CodeIgniter\CodeIgniter->runController(Object(App\Controllers\UserController))
11 SYSTEMPATH\CodeIgniter.php(368): CodeIgniter\CodeIgniter->handleRequest(null, Object(Config\Cache), false)
12 FCPATH\index.php(67): CodeIgniter\CodeIgniter->run()
13 SYSTEMPATH\Commands\Server\rewrite.php(47): require_once('C:\\xampp\\htdocs\\databaseKlinik\\klinik2\\public\\index.php')
INFO - 2023-06-20 01:16:51 --> Session: Class initialized using 'CodeIgniter\Session\Handlers\FileHandler' driver.
INFO - 2023-06-20 01:16:52 --> Session: Class initialized using 'CodeIgniter\Session\Handlers\FileHandler' driver.
INFO - 2023-06-20 01:17:00 --> Session: Class initialized using 'CodeIgniter\Session\Handlers\FileHandler' driver.
INFO - 2023-06-20 01:17:02 --> Session: Class initialized using 'CodeIgniter\Session\Handlers\FileHandler' driver.
INFO - 2023-06-20 01:18:02 --> Session: Class initialized using 'CodeIgniter\Session\Handlers\FileHandler' driver.
ERROR - 2023-06-20 01:18:02 --> mysqli_sql_exception: Column 'username' cannot be null in C:\xampp\htdocs\databaseKlinik\klinik2\system\Database\MySQLi\Connection.php:295
Stack trace:
#0 C:\xampp\htdocs\databaseKlinik\klinik2\system\Database\MySQLi\Connection.php(295): mysqli->query('INSERT INTO `us...', 0)
#1 C:\xampp\htdocs\databaseKlinik\klinik2\system\Database\BaseConnection.php(692): CodeIgniter\Database\MySQLi\Connection->execute('INSERT INTO `us...')
#2 C:\xampp\htdocs\databaseKlinik\klinik2\system\Database\BaseConnection.php(606): CodeIgniter\Database\BaseConnection->simpleQuery('INSERT INTO `us...')
#3 C:\xampp\htdocs\databaseKlinik\klinik2\system\Database\BaseBuilder.php(2309): CodeIgniter\Database\BaseConnection->query('INSERT INTO `us...', Array, false)
#4 C:\xampp\htdocs\databaseKlinik\klinik2\system\Model.php(330): CodeIgniter\Database\BaseBuilder->insert()
#5 C:\xampp\htdocs\databaseKlinik\klinik2\system\BaseModel.php(782): CodeIgniter\Model->doInsert(Array)
#6 C:\xampp\htdocs\databaseKlinik\klinik2\system\Model.php(730): CodeIgniter\BaseModel->insert(Array, true)
#7 C:\xampp\htdocs\databaseKlinik\klinik2\app\Controllers\UserController.php(45): CodeIgniter\Model->insert(Array)
#8 C:\xampp\htdocs\databaseKlinik\klinik2\system\CodeIgniter.php(934): App\Controllers\UserController->store()
#9 C:\xampp\htdocs\databaseKlinik\klinik2\system\CodeIgniter.php(499): CodeIgniter\CodeIgniter->runController(Object(App\Controllers\UserController))
#10 C:\xampp\htdocs\databaseKlinik\klinik2\system\CodeIgniter.php(368): CodeIgniter\CodeIgniter->handleRequest(NULL, Object(Config\Cache), false)
#11 C:\xampp\htdocs\databaseKlinik\klinik2\public\index.php(67): CodeIgniter\CodeIgniter->run()
#12 C:\xampp\htdocs\databaseKlinik\klinik2\system\Commands\Server\rewrite.php(47): require_once('C:\\xampp\\htdocs...')
#13 {main}
CRITICAL - 2023-06-20 01:18:02 --> Column 'username' cannot be null
in SYSTEMPATH\Database\MySQLi\Connection.php on line 295.
 1 SYSTEMPATH\Database\MySQLi\Connection.php(295): mysqli->query('INSERT INTO `user` (`nama_user`, `username`, `password`, `email`, `nohp`, `tgl_lahir`, `role`) VALUES (NULL, NULL, \'$2y$10$o2XjXCXm/94xld6QM5v4FerlqEdX.QRWWKA1Qe0OS/Uh9os1Hnrn2\', NULL, NULL, NULL, NULL)', 0)
 2 SYSTEMPATH\Database\BaseConnection.php(692): CodeIgniter\Database\MySQLi\Connection->execute('INSERT INTO `user` (`nama_user`, `username`, `password`, `email`, `nohp`, `tgl_lahir`, `role`) VALUES (NULL, NULL, \'$2y$10$o2XjXCXm/94xld6QM5v4FerlqEdX.QRWWKA1Qe0OS/Uh9os1Hnrn2\', NULL, NULL, NULL, NULL)')
 3 SYSTEMPATH\Database\BaseConnection.php(606): CodeIgniter\Database\BaseConnection->simpleQuery('INSERT INTO `user` (`nama_user`, `username`, `password`, `email`, `nohp`, `tgl_lahir`, `role`) VALUES (NULL, NULL, \'$2y$10$o2XjXCXm/94xld6QM5v4FerlqEdX.QRWWKA1Qe0OS/Uh9os1Hnrn2\', NULL, NULL, NULL, NULL)')
 4 SYSTEMPATH\Database\BaseBuilder.php(2309): CodeIgniter\Database\BaseConnection->query('INSERT INTO `user` (`nama_user`, `username`, `password`, `email`, `nohp`, `tgl_lahir`, `role`) VALUES (:nama_user:, :username:, :password:, :email:, :nohp:, :tgl_lahir:, :role:)', [...], false)
 5 SYSTEMPATH\Model.php(330): CodeIgniter\Database\BaseBuilder->insert()
 6 SYSTEMPATH\BaseModel.php(782): CodeIgniter\Model->doInsert([...])
 7 SYSTEMPATH\Model.php(730): CodeIgniter\BaseModel->insert([...], true)
 8 APPPATH\Controllers\UserController.php(45): CodeIgniter\Model->insert([...])
 9 SYSTEMPATH\CodeIgniter.php(934): App\Controllers\UserController->store()
10 SYSTEMPATH\CodeIgniter.php(499): CodeIgniter\CodeIgniter->runController(Object(App\Controllers\UserController))
11 SYSTEMPATH\CodeIgniter.php(368): CodeIgniter\CodeIgniter->handleRequest(null, Object(Config\Cache), false)
12 FCPATH\index.php(67): CodeIgniter\CodeIgniter->run()
13 SYSTEMPATH\Commands\Server\rewrite.php(47): require_once('C:\\xampp\\htdocs\\databaseKlinik\\klinik2\\public\\index.php')
INFO - 2023-06-20 01:18:34 --> Session: Class initialized using 'CodeIgniter\Session\Handlers\FileHandler' driver.
INFO - 2023-06-20 01:20:54 --> Session: Class initialized using 'CodeIgniter\Session\Handlers\FileHandler' driver.
ERROR - 2023-06-20 01:20:54 --> mysqli_sql_exception: Column 'username' cannot be null in C:\xampp\htdocs\databaseKlinik\klinik2\system\Database\MySQLi\Connection.php:295
Stack trace:
#0 C:\xampp\htdocs\databaseKlinik\klinik2\system\Database\MySQLi\Connection.php(295): mysqli->query('INSERT INTO `us...', 0)
#1 C:\xampp\htdocs\databaseKlinik\klinik2\system\Database\BaseConnection.php(692): CodeIgniter\Database\MySQLi\Connection->execute('INSERT INTO `us...')
#2 C:\xampp\htdocs\databaseKlinik\klinik2\system\Database\BaseConnection.php(606): CodeIgniter\Database\BaseConnection->simpleQuery('INSERT INTO `us...')
#3 C:\xampp\htdocs\databaseKlinik\klinik2\system\Database\BaseBuilder.php(2309): CodeIgniter\Database\BaseConnection->query('INSERT INTO `us...', Array, false)
#4 C:\xampp\htdocs\databaseKlinik\klinik2\system\Model.php(330): CodeIgniter\Database\BaseBuilder->insert()
#5 C:\xampp\htdocs\databaseKlinik\klinik2\system\BaseModel.php(782): CodeIgniter\Model->doInsert(Array)
#6 C:\xampp\htdocs\databaseKlinik\klinik2\system\Model.php(730): CodeIgniter\BaseModel->insert(Array, true)
#7 C:\xampp\htdocs\databaseKlinik\klinik2\app\Controllers\UserController.php(45): CodeIgniter\Model->insert(Array)
#8 C:\xampp\htdocs\databaseKlinik\klinik2\system\CodeIgniter.php(934): App\Controllers\UserController->store()
#9 C:\xampp\htdocs\databaseKlinik\klinik2\system\CodeIgniter.php(499): CodeIgniter\CodeIgniter->runController(Object(App\Controllers\UserController))
#10 C:\xampp\htdocs\databaseKlinik\klinik2\system\CodeIgniter.php(368): CodeIgniter\CodeIgniter->handleRequest(NULL, Object(Config\Cache), false)
#11 C:\xampp\htdocs\databaseKlinik\klinik2\public\index.php(67): CodeIgniter\CodeIgniter->run()
#12 C:\xampp\htdocs\databaseKlinik\klinik2\system\Commands\Server\rewrite.php(47): require_once('C:\\xampp\\htdocs...')
#13 {main}
CRITICAL - 2023-06-20 01:20:55 --> Column 'username' cannot be null
in SYSTEMPATH\Database\MySQLi\Connection.php on line 295.
 1 SYSTEMPATH\Database\MySQLi\Connection.php(295): mysqli->query('INSERT INTO `user` (`nama_user`, `username`, `password`, `email`, `nohp`, `tgl_lahir`, `role`) VALUES (NULL, NULL, \'$2y$10$0XculK39R7JseZ/eTAbciOtlDPAkpFGtvlIn4JyjHCC6mB5tCWGoS\', NULL, NULL, NULL, NULL)', 0)
 2 SYSTEMPATH\Database\BaseConnection.php(692): CodeIgniter\Database\MySQLi\Connection->execute('INSERT INTO `user` (`nama_user`, `username`, `password`, `email`, `nohp`, `tgl_lahir`, `role`) VALUES (NULL, NULL, \'$2y$10$0XculK39R7JseZ/eTAbciOtlDPAkpFGtvlIn4JyjHCC6mB5tCWGoS\', NULL, NULL, NULL, NULL)')
 3 SYSTEMPATH\Database\BaseConnection.php(606): CodeIgniter\Database\BaseConnection->simpleQuery('INSERT INTO `user` (`nama_user`, `username`, `password`, `email`, `nohp`, `tgl_lahir`, `role`) VALUES (NULL, NULL, \'$2y$10$0XculK39R7JseZ/eTAbciOtlDPAkpFGtvlIn4JyjHCC6mB5tCWGoS\', NULL, NULL, NULL, NULL)')
 4 SYSTEMPATH\Database\BaseBuilder.php(2309): CodeIgniter\Database\BaseConnection->query('INSERT INTO `user` (`nama_user`, `username`, `password`, `email`, `nohp`, `tgl_lahir`, `role`) VALUES (:nama_user:, :username:, :password:, :email:, :nohp:, :tgl_lahir:, :role:)', [...], false)
 5 SYSTEMPATH\Model.php(330): CodeIgniter\Database\BaseBuilder->insert()
 6 SYSTEMPATH\BaseModel.php(782): CodeIgniter\Model->doInsert([...])
 7 SYSTEMPATH\Model.php(730): CodeIgniter\BaseModel->insert([...], true)
 8 APPPATH\Controllers\UserController.php(45): CodeIgniter\Model->insert([...])
 9 SYSTEMPATH\CodeIgniter.php(934): App\Controllers\UserController->store()
10 SYSTEMPATH\CodeIgniter.php(499): CodeIgniter\CodeIgniter->runController(Object(App\Controllers\UserController))
11 SYSTEMPATH\CodeIgniter.php(368): CodeIgniter\CodeIgniter->handleRequest(null, Object(Config\Cache), false)
12 FCPATH\index.php(67): CodeIgniter\CodeIgniter->run()
13 SYSTEMPATH\Commands\Server\rewrite.php(47): require_once('C:\\xampp\\htdocs\\databaseKlinik\\klinik2\\public\\index.php')
INFO - 2023-06-20 01:23:28 --> Session: Class initialized using 'CodeIgniter\Session\Handlers\FileHandler' driver.
ERROR - 2023-06-20 01:23:29 --> mysqli_sql_exception: Column 'username' cannot be null in C:\xampp\htdocs\databaseKlinik\klinik2\system\Database\MySQLi\Connection.php:295
Stack trace:
#0 C:\xampp\htdocs\databaseKlinik\klinik2\system\Database\MySQLi\Connection.php(295): mysqli->query('INSERT INTO `us...', 0)
#1 C:\xampp\htdocs\databaseKlinik\klinik2\system\Database\BaseConnection.php(692): CodeIgniter\Database\MySQLi\Connection->execute('INSERT INTO `us...')
#2 C:\xampp\htdocs\databaseKlinik\klinik2\system\Database\BaseConnection.php(606): CodeIgniter\Database\BaseConnection->simpleQuery('INSERT INTO `us...')
#3 C:\xampp\htdocs\databaseKlinik\klinik2\system\Database\BaseBuilder.php(2309): CodeIgniter\Database\BaseConnection->query('INSERT INTO `us...', Array, false)
#4 C:\xampp\htdocs\databaseKlinik\klinik2\system\Model.php(330): CodeIgniter\Database\BaseBuilder->insert()
#5 C:\xampp\htdocs\databaseKlinik\klinik2\system\BaseModel.php(782): CodeIgniter\Model->doInsert(Array)
#6 C:\xampp\htdocs\databaseKlinik\klinik2\system\Model.php(730): CodeIgniter\BaseModel->insert(Array, true)
#7 C:\xampp\htdocs\databaseKlinik\klinik2\app\Controllers\UserController.php(45): CodeIgniter\Model->insert(Array)
#8 C:\xampp\htdocs\databaseKlinik\klinik2\system\CodeIgniter.php(934): App\Controllers\UserController->store()
#9 C:\xampp\htdocs\databaseKlinik\klinik2\system\CodeIgniter.php(499): CodeIgniter\CodeIgniter->runController(Object(App\Controllers\UserController))
#10 C:\xampp\htdocs\databaseKlinik\klinik2\system\CodeIgniter.php(368): CodeIgniter\CodeIgniter->handleRequest(NULL, Object(Config\Cache), false)
#11 C:\xampp\htdocs\databaseKlinik\klinik2\public\index.php(67): CodeIgniter\CodeIgniter->run()
#12 C:\xampp\htdocs\databaseKlinik\klinik2\system\Commands\Server\rewrite.php(47): require_once('C:\\xampp\\htdocs...')
#13 {main}
CRITICAL - 2023-06-20 01:23:29 --> Column 'username' cannot be null
in SYSTEMPATH\Database\MySQLi\Connection.php on line 295.
 1 SYSTEMPATH\Database\MySQLi\Connection.php(295): mysqli->query('INSERT INTO `user` (`nama_user`, `username`, `password`, `email`, `nohp`, `tgl_lahir`, `role`) VALUES (NULL, NULL, \'$2y$10$jVqb49KQ7AyL.yLId6aFV.iza5B3dWgnTqzJ7iQ7ZJQzd/3ixw69K\', NULL, NULL, NULL, NULL)', 0)
 2 SYSTEMPATH\Database\BaseConnection.php(692): CodeIgniter\Database\MySQLi\Connection->execute('INSERT INTO `user` (`nama_user`, `username`, `password`, `email`, `nohp`, `tgl_lahir`, `role`) VALUES (NULL, NULL, \'$2y$10$jVqb49KQ7AyL.yLId6aFV.iza5B3dWgnTqzJ7iQ7ZJQzd/3ixw69K\', NULL, NULL, NULL, NULL)')
 3 SYSTEMPATH\Database\BaseConnection.php(606): CodeIgniter\Database\BaseConnection->simpleQuery('INSERT INTO `user` (`nama_user`, `username`, `password`, `email`, `nohp`, `tgl_lahir`, `role`) VALUES (NULL, NULL, \'$2y$10$jVqb49KQ7AyL.yLId6aFV.iza5B3dWgnTqzJ7iQ7ZJQzd/3ixw69K\', NULL, NULL, NULL, NULL)')
 4 SYSTEMPATH\Database\BaseBuilder.php(2309): CodeIgniter\Database\BaseConnection->query('INSERT INTO `user` (`nama_user`, `username`, `password`, `email`, `nohp`, `tgl_lahir`, `role`) VALUES (:nama_user:, :username:, :password:, :email:, :nohp:, :tgl_lahir:, :role:)', [...], false)
 5 SYSTEMPATH\Model.php(330): CodeIgniter\Database\BaseBuilder->insert()
 6 SYSTEMPATH\BaseModel.php(782): CodeIgniter\Model->doInsert([...])
 7 SYSTEMPATH\Model.php(730): CodeIgniter\BaseModel->insert([...], true)
 8 APPPATH\Controllers\UserController.php(45): CodeIgniter\Model->insert([...])
 9 SYSTEMPATH\CodeIgniter.php(934): App\Controllers\UserController->store()
10 SYSTEMPATH\CodeIgniter.php(499): CodeIgniter\CodeIgniter->runController(Object(App\Controllers\UserController))
11 SYSTEMPATH\CodeIgniter.php(368): CodeIgniter\CodeIgniter->handleRequest(null, Object(Config\Cache), false)
12 FCPATH\index.php(67): CodeIgniter\CodeIgniter->run()
13 SYSTEMPATH\Commands\Server\rewrite.php(47): require_once('C:\\xampp\\htdocs\\databaseKlinik\\klinik2\\public\\index.php')
INFO - 2023-06-20 01:28:23 --> Session: Class initialized using 'CodeIgniter\Session\Handlers\FileHandler' driver.
ERROR - 2023-06-20 01:28:23 --> mysqli_sql_exception: Column 'username' cannot be null in C:\xampp\htdocs\databaseKlinik\klinik2\system\Database\MySQLi\Connection.php:295
Stack trace:
#0 C:\xampp\htdocs\databaseKlinik\klinik2\system\Database\MySQLi\Connection.php(295): mysqli->query('INSERT INTO `us...', 0)
#1 C:\xampp\htdocs\databaseKlinik\klinik2\system\Database\BaseConnection.php(692): CodeIgniter\Database\MySQLi\Connection->execute('INSERT INTO `us...')
#2 C:\xampp\htdocs\databaseKlinik\klinik2\system\Database\BaseConnection.php(606): CodeIgniter\Database\BaseConnection->simpleQuery('INSERT INTO `us...')
#3 C:\xampp\htdocs\databaseKlinik\klinik2\system\Database\BaseBuilder.php(2309): CodeIgniter\Database\BaseConnection->query('INSERT INTO `us...', Array, false)
#4 C:\xampp\htdocs\databaseKlinik\klinik2\system\Model.php(330): CodeIgniter\Database\BaseBuilder->insert()
#5 C:\xampp\htdocs\databaseKlinik\klinik2\system\BaseModel.php(782): CodeIgniter\Model->doInsert(Array)
#6 C:\xampp\htdocs\databaseKlinik\klinik2\system\Model.php(730): CodeIgniter\BaseModel->insert(Array, true)
#7 C:\xampp\htdocs\databaseKlinik\klinik2\app\Controllers\UserController.php(45): CodeIgniter\Model->insert(Array)
#8 C:\xampp\htdocs\databaseKlinik\klinik2\system\CodeIgniter.php(934): App\Controllers\UserController->store()
#9 C:\xampp\htdocs\databaseKlinik\klinik2\system\CodeIgniter.php(499): CodeIgniter\CodeIgniter->runController(Object(App\Controllers\UserController))
#10 C:\xampp\htdocs\databaseKlinik\klinik2\system\CodeIgniter.php(368): CodeIgniter\CodeIgniter->handleRequest(NULL, Object(Config\Cache), false)
#11 C:\xampp\htdocs\databaseKlinik\klinik2\public\index.php(67): CodeIgniter\CodeIgniter->run()
#12 C:\xampp\htdocs\databaseKlinik\klinik2\system\Commands\Server\rewrite.php(47): require_once('C:\\xampp\\htdocs...')
#13 {main}
CRITICAL - 2023-06-20 01:28:23 --> Column 'username' cannot be null
in SYSTEMPATH\Database\MySQLi\Connection.php on line 295.
 1 SYSTEMPATH\Database\MySQLi\Connection.php(295): mysqli->query('INSERT INTO `user` (`nama_user`, `username`, `password`, `email`, `nohp`, `tgl_lahir`, `role`) VALUES (NULL, NULL, \'$2y$10$InwsYaiCpoZ4ldaol46beOcM8uREJTqfiUMSo3YhMtwjRRvW7qGae\', NULL, NULL, NULL, NULL)', 0)
 2 SYSTEMPATH\Database\BaseConnection.php(692): CodeIgniter\Database\MySQLi\Connection->execute('INSERT INTO `user` (`nama_user`, `username`, `password`, `email`, `nohp`, `tgl_lahir`, `role`) VALUES (NULL, NULL, \'$2y$10$InwsYaiCpoZ4ldaol46beOcM8uREJTqfiUMSo3YhMtwjRRvW7qGae\', NULL, NULL, NULL, NULL)')
 3 SYSTEMPATH\Database\BaseConnection.php(606): CodeIgniter\Database\BaseConnection->simpleQuery('INSERT INTO `user` (`nama_user`, `username`, `password`, `email`, `nohp`, `tgl_lahir`, `role`) VALUES (NULL, NULL, \'$2y$10$InwsYaiCpoZ4ldaol46beOcM8uREJTqfiUMSo3YhMtwjRRvW7qGae\', NULL, NULL, NULL, NULL)')
 4 SYSTEMPATH\Database\BaseBuilder.php(2309): CodeIgniter\Database\BaseConnection->query('INSERT INTO `user` (`nama_user`, `username`, `password`, `email`, `nohp`, `tgl_lahir`, `role`) VALUES (:nama_user:, :username:, :password:, :email:, :nohp:, :tgl_lahir:, :role:)', [...], false)
 5 SYSTEMPATH\Model.php(330): CodeIgniter\Database\BaseBuilder->insert()
 6 SYSTEMPATH\BaseModel.php(782): CodeIgniter\Model->doInsert([...])
 7 SYSTEMPATH\Model.php(730): CodeIgniter\BaseModel->insert([...], true)
 8 APPPATH\Controllers\UserController.php(45): CodeIgniter\Model->insert([...])
 9 SYSTEMPATH\CodeIgniter.php(934): App\Controllers\UserController->store()
10 SYSTEMPATH\CodeIgniter.php(499): CodeIgniter\CodeIgniter->runController(Object(App\Controllers\UserController))
11 SYSTEMPATH\CodeIgniter.php(368): CodeIgniter\CodeIgniter->handleRequest(null, Object(Config\Cache), false)
12 FCPATH\index.php(67): CodeIgniter\CodeIgniter->run()
13 SYSTEMPATH\Commands\Server\rewrite.php(47): require_once('C:\\xampp\\htdocs\\databaseKlinik\\klinik2\\public\\index.php')
INFO - 2023-06-20 01:30:02 --> Session: Class initialized using 'CodeIgniter\Session\Handlers\FileHandler' driver.
ERROR - 2023-06-20 01:30:03 --> mysqli_sql_exception: Column 'username' cannot be null in C:\xampp\htdocs\databaseKlinik\klinik2\system\Database\MySQLi\Connection.php:295
Stack trace:
#0 C:\xampp\htdocs\databaseKlinik\klinik2\system\Database\MySQLi\Connection.php(295): mysqli->query('INSERT INTO `us...', 0)
#1 C:\xampp\htdocs\databaseKlinik\klinik2\system\Database\BaseConnection.php(692): CodeIgniter\Database\MySQLi\Connection->execute('INSERT INTO `us...')
#2 C:\xampp\htdocs\databaseKlinik\klinik2\system\Database\BaseConnection.php(606): CodeIgniter\Database\BaseConnection->simpleQuery('INSERT INTO `us...')
#3 C:\xampp\htdocs\databaseKlinik\klinik2\system\Database\BaseBuilder.php(2309): CodeIgniter\Database\BaseConnection->query('INSERT INTO `us...', Array, false)
#4 C:\xampp\htdocs\databaseKlinik\klinik2\system\Model.php(330): CodeIgniter\Database\BaseBuilder->insert()
#5 C:\xampp\htdocs\databaseKlinik\klinik2\system\BaseModel.php(782): CodeIgniter\Model->doInsert(Array)
#6 C:\xampp\htdocs\databaseKlinik\klinik2\system\Model.php(730): CodeIgniter\BaseModel->insert(Array, true)
#7 C:\xampp\htdocs\databaseKlinik\klinik2\app\Controllers\UserController.php(45): CodeIgniter\Model->insert(Array)
#8 C:\xampp\htdocs\databaseKlinik\klinik2\system\CodeIgniter.php(934): App\Controllers\UserController->store()
#9 C:\xampp\htdocs\databaseKlinik\klinik2\system\CodeIgniter.php(499): CodeIgniter\CodeIgniter->runController(Object(App\Controllers\UserController))
#10 C:\xampp\htdocs\databaseKlinik\klinik2\system\CodeIgniter.php(368): CodeIgniter\CodeIgniter->handleRequest(NULL, Object(Config\Cache), false)
#11 C:\xampp\htdocs\databaseKlinik\klinik2\public\index.php(67): CodeIgniter\CodeIgniter->run()
#12 C:\xampp\htdocs\databaseKlinik\klinik2\system\Commands\Server\rewrite.php(47): require_once('C:\\xampp\\htdocs...')
#13 {main}
CRITICAL - 2023-06-20 01:30:03 --> Column 'username' cannot be null
in SYSTEMPATH\Database\MySQLi\Connection.php on line 295.
 1 SYSTEMPATH\Database\MySQLi\Connection.php(295): mysqli->query('INSERT INTO `user` (`nama_user`, `username`, `password`, `email`, `nohp`, `tgl_lahir`, `role`) VALUES (NULL, NULL, \'$2y$10$IDaqWtlv17nwnQUFSDRQbehxlr9jes0omhHtXYPzKH9VvOlJ5uAdy\', NULL, NULL, NULL, NULL)', 0)
 2 SYSTEMPATH\Database\BaseConnection.php(692): CodeIgniter\Database\MySQLi\Connection->execute('INSERT INTO `user` (`nama_user`, `username`, `password`, `email`, `nohp`, `tgl_lahir`, `role`) VALUES (NULL, NULL, \'$2y$10$IDaqWtlv17nwnQUFSDRQbehxlr9jes0omhHtXYPzKH9VvOlJ5uAdy\', NULL, NULL, NULL, NULL)')
 3 SYSTEMPATH\Database\BaseConnection.php(606): CodeIgniter\Database\BaseConnection->simpleQuery('INSERT INTO `user` (`nama_user`, `username`, `password`, `email`, `nohp`, `tgl_lahir`, `role`) VALUES (NULL, NULL, \'$2y$10$IDaqWtlv17nwnQUFSDRQbehxlr9jes0omhHtXYPzKH9VvOlJ5uAdy\', NULL, NULL, NULL, NULL)')
 4 SYSTEMPATH\Database\BaseBuilder.php(2309): CodeIgniter\Database\BaseConnection->query('INSERT INTO `user` (`nama_user`, `username`, `password`, `email`, `nohp`, `tgl_lahir`, `role`) VALUES (:nama_user:, :username:, :password:, :email:, :nohp:, :tgl_lahir:, :role:)', [...], false)
 5 SYSTEMPATH\Model.php(330): CodeIgniter\Database\BaseBuilder->insert()
 6 SYSTEMPATH\BaseModel.php(782): CodeIgniter\Model->doInsert([...])
 7 SYSTEMPATH\Model.php(730): CodeIgniter\BaseModel->insert([...], true)
 8 APPPATH\Controllers\UserController.php(45): CodeIgniter\Model->insert([...])
 9 SYSTEMPATH\CodeIgniter.php(934): App\Controllers\UserController->store()
10 SYSTEMPATH\CodeIgniter.php(499): CodeIgniter\CodeIgniter->runController(Object(App\Controllers\UserController))
11 SYSTEMPATH\CodeIgniter.php(368): CodeIgniter\CodeIgniter->handleRequest(null, Object(Config\Cache), false)
12 FCPATH\index.php(67): CodeIgniter\CodeIgniter->run()
13 SYSTEMPATH\Commands\Server\rewrite.php(47): require_once('C:\\xampp\\htdocs\\databaseKlinik\\klinik2\\public\\index.php')
INFO - 2023-06-20 01:30:07 --> Session: Class initialized using 'CodeIgniter\Session\Handlers\FileHandler' driver.
INFO - 2023-06-20 01:30:10 --> Session: Class initialized using 'CodeIgniter\Session\Handlers\FileHandler' driver.
INFO - 2023-06-20 01:30:27 --> Session: Class initialized using 'CodeIgniter\Session\Handlers\FileHandler' driver.
INFO - 2023-06-20 01:30:30 --> Session: Class initialized using 'CodeIgniter\Session\Handlers\FileHandler' driver.
INFO - 2023-06-20 01:30:39 --> Session: Class initialized using 'CodeIgniter\Session\Handlers\FileHandler' driver.
INFO - 2023-06-20 01:30:43 --> Session: Class initialized using 'CodeIgniter\Session\Handlers\FileHandler' driver.
INFO - 2023-06-20 01:31:06 --> Session: Class initialized using 'CodeIgniter\Session\Handlers\FileHandler' driver.
INFO - 2023-06-20 01:31:12 --> Session: Class initialized using 'CodeIgniter\Session\Handlers\FileHandler' driver.
INFO - 2023-06-20 01:31:18 --> Session: Class initialized using 'CodeIgniter\Session\Handlers\FileHandler' driver.
INFO - 2023-06-20 01:31:27 --> Session: Class initialized using 'CodeIgniter\Session\Handlers\FileHandler' driver.
INFO - 2023-06-20 01:31:35 --> Session: Class initialized using 'CodeIgniter\Session\Handlers\FileHandler' driver.
INFO - 2023-06-20 01:32:49 --> Session: Class initialized using 'CodeIgniter\Session\Handlers\FileHandler' driver.
INFO - 2023-06-20 01:32:49 --> Session: Class initialized using 'CodeIgniter\Session\Handlers\FileHandler' driver.
INFO - 2023-06-20 01:33:01 --> Session: Class initialized using 'CodeIgniter\Session\Handlers\FileHandler' driver.
INFO - 2023-06-20 01:33:01 --> Session: Class initialized using 'CodeIgniter\Session\Handlers\FileHandler' driver.
INFO - 2023-06-20 01:33:09 --> Session: Class initialized using 'CodeIgniter\Session\Handlers\FileHandler' driver.
INFO - 2023-06-20 07:07:07 --> Session: Class initialized using 'CodeIgniter\Session\Handlers\FileHandler' driver.
INFO - 2023-06-20 07:07:18 --> Session: Class initialized using 'CodeIgniter\Session\Handlers\FileHandler' driver.
INFO - 2023-06-20 07:07:19 --> Session: Class initialized using 'CodeIgniter\Session\Handlers\FileHandler' driver.
INFO - 2023-06-20 07:07:23 --> Session: Class initialized using 'CodeIgniter\Session\Handlers\FileHandler' driver.
INFO - 2023-06-20 07:17:18 --> Session: Class initialized using 'CodeIgniter\Session\Handlers\FileHandler' driver.
INFO - 2023-06-20 07:17:56 --> Session: Class initialized using 'CodeIgniter\Session\Handlers\FileHandler' driver.
INFO - 2023-06-20 07:17:57 --> Session: Class initialized using 'CodeIgniter\Session\Handlers\FileHandler' driver.
INFO - 2023-06-20 07:18:24 --> Session: Class initialized using 'CodeIgniter\Session\Handlers\FileHandler' driver.
INFO - 2023-06-20 07:18:24 --> Session: Class initialized using 'CodeIgniter\Session\Handlers\FileHandler' driver.
INFO - 2023-06-20 07:18:33 --> Session: Class initialized using 'CodeIgniter\Session\Handlers\FileHandler' driver.
INFO - 2023-06-20 07:18:33 --> Session: Class initialized using 'CodeIgniter\Session\Handlers\FileHandler' driver.
INFO - 2023-06-20 07:19:56 --> Session: Class initialized using 'CodeIgniter\Session\Handlers\FileHandler' driver.
ERROR - 2023-06-20 07:19:57 --> mysqli_sql_exception: Unknown column 'tbl_pendaftaran.id' in 'order clause' in C:\xampp\htdocs\databaseKlinik\klinik2\system\Database\MySQLi\Connection.php:295
Stack trace:
#0 C:\xampp\htdocs\databaseKlinik\klinik2\system\Database\MySQLi\Connection.php(295): mysqli->query('SELECT `TP`.*, ...', 0)
#1 C:\xampp\htdocs\databaseKlinik\klinik2\system\Database\BaseConnection.php(692): CodeIgniter\Database\MySQLi\Connection->execute('SELECT `TP`.*, ...')
#2 C:\xampp\htdocs\databaseKlinik\klinik2\system\Database\BaseConnection.php(606): CodeIgniter\Database\BaseConnection->simpleQuery('SELECT `TP`.*, ...')
#3 C:\xampp\htdocs\databaseKlinik\klinik2\system\Database\BaseBuilder.php(1616): CodeIgniter\Database\BaseConnection->query('SELECT `TP`.*, ...', Array, false)
#4 C:\xampp\htdocs\databaseKlinik\klinik2\app\Models\Pendaftaran.php(25): CodeIgniter\Database\BaseBuilder->get()
#5 C:\xampp\htdocs\databaseKlinik\klinik2\app\Controllers\PendaftaranController.php(27): App\Models\Pendaftaran->getAllData()
#6 C:\xampp\htdocs\databaseKlinik\klinik2\system\CodeIgniter.php(934): App\Controllers\PendaftaranController->kasir()
#7 C:\xampp\htdocs\databaseKlinik\klinik2\system\CodeIgniter.php(499): CodeIgniter\CodeIgniter->runController(Object(App\Controllers\PendaftaranController))
#8 C:\xampp\htdocs\databaseKlinik\klinik2\system\CodeIgniter.php(368): CodeIgniter\CodeIgniter->handleRequest(NULL, Object(Config\Cache), false)
#9 C:\xampp\htdocs\databaseKlinik\klinik2\public\index.php(67): CodeIgniter\CodeIgniter->run()
#10 C:\xampp\htdocs\databaseKlinik\klinik2\system\Commands\Server\rewrite.php(47): require_once('C:\\xampp\\htdocs...')
#11 {main}
CRITICAL - 2023-06-20 07:19:57 --> Unknown column 'tbl_pendaftaran.id' in 'order clause'
in SYSTEMPATH\Database\MySQLi\Connection.php on line 295.
 1 SYSTEMPATH\Database\MySQLi\Connection.php(295): mysqli->query('SELECT `TP`.*, `TU`.`nama_user`
FROM `tbl_pendaftaran` `TP`
JOIN `user` `TU` ON `TP`.`id_customer` = `TU`.`id`
ORDER BY `tbl_pendaftaran`.`id` DESC', 0)
 2 SYSTEMPATH\Database\BaseConnection.php(692): CodeIgniter\Database\MySQLi\Connection->execute('SELECT `TP`.*, `TU`.`nama_user`
FROM `tbl_pendaftaran` `TP`
JOIN `user` `TU` ON `TP`.`id_customer` = `TU`.`id`
ORDER BY `tbl_pendaftaran`.`id` DESC')
 3 SYSTEMPATH\Database\BaseConnection.php(606): CodeIgniter\Database\BaseConnection->simpleQuery('SELECT `TP`.*, `TU`.`nama_user`
FROM `tbl_pendaftaran` `TP`
JOIN `user` `TU` ON `TP`.`id_customer` = `TU`.`id`
ORDER BY `tbl_pendaftaran`.`id` DESC')
 4 SYSTEMPATH\Database\BaseBuilder.php(1616): CodeIgniter\Database\BaseConnection->query('SELECT `TP`.*, `TU`.`nama_user`
FROM `tbl_pendaftaran` `TP`
JOIN `user` `TU` ON `TP`.`id_customer` = `TU`.`id`
ORDER BY `tbl_pendaftaran`.`id` DESC', [], false)
 5 APPPATH\Models\Pendaftaran.php(25): CodeIgniter\Database\BaseBuilder->get()
 6 APPPATH\Controllers\PendaftaranController.php(27): App\Models\Pendaftaran->getAllData()
 7 SYSTEMPATH\CodeIgniter.php(934): App\Controllers\PendaftaranController->kasir()
 8 SYSTEMPATH\CodeIgniter.php(499): CodeIgniter\CodeIgniter->runController(Object(App\Controllers\PendaftaranController))
 9 SYSTEMPATH\CodeIgniter.php(368): CodeIgniter\CodeIgniter->handleRequest(null, Object(Config\Cache), false)
10 FCPATH\index.php(67): CodeIgniter\CodeIgniter->run()
11 SYSTEMPATH\Commands\Server\rewrite.php(47): require_once('C:\\xampp\\htdocs\\databaseKlinik\\klinik2\\public\\index.php')
INFO - 2023-06-20 07:21:32 --> Session: Class initialized using 'CodeIgniter\Session\Handlers\FileHandler' driver.
ERROR - 2023-06-20 07:21:32 --> mysqli_sql_exception: Unknown table 'db_klinik.TP' in C:\xampp\htdocs\databaseKlinik\klinik2\system\Database\MySQLi\Connection.php:295
Stack trace:
#0 C:\xampp\htdocs\databaseKlinik\klinik2\system\Database\MySQLi\Connection.php(295): mysqli->query('SELECT `TP`.*, ...', 0)
#1 C:\xampp\htdocs\databaseKlinik\klinik2\system\Database\BaseConnection.php(692): CodeIgniter\Database\MySQLi\Connection->execute('SELECT `TP`.*, ...')
#2 C:\xampp\htdocs\databaseKlinik\klinik2\system\Database\BaseConnection.php(606): CodeIgniter\Database\BaseConnection->simpleQuery('SELECT `TP`.*, ...')
#3 C:\xampp\htdocs\databaseKlinik\klinik2\system\Database\BaseBuilder.php(1616): CodeIgniter\Database\BaseConnection->query('SELECT `TP`.*, ...', Array, false)
#4 C:\xampp\htdocs\databaseKlinik\klinik2\app\Models\Pendaftaran.php(25): CodeIgniter\Database\BaseBuilder->get()
#5 C:\xampp\htdocs\databaseKlinik\klinik2\app\Controllers\PendaftaranController.php(27): App\Models\Pendaftaran->getAllData()
#6 C:\xampp\htdocs\databaseKlinik\klinik2\system\CodeIgniter.php(934): App\Controllers\PendaftaranController->kasir()
#7 C:\xampp\htdocs\databaseKlinik\klinik2\system\CodeIgniter.php(499): CodeIgniter\CodeIgniter->runController(Object(App\Controllers\PendaftaranController))
#8 C:\xampp\htdocs\databaseKlinik\klinik2\system\CodeIgniter.php(368): CodeIgniter\CodeIgniter->handleRequest(NULL, Object(Config\Cache), false)
#9 C:\xampp\htdocs\databaseKlinik\klinik2\public\index.php(67): CodeIgniter\CodeIgniter->run()
#10 C:\xampp\htdocs\databaseKlinik\klinik2\system\Commands\Server\rewrite.php(47): require_once('C:\\xampp\\htdocs...')
#11 {main}
CRITICAL - 2023-06-20 07:21:32 --> Unknown table 'db_klinik.TP'
in SYSTEMPATH\Database\MySQLi\Connection.php on line 295.
 1 SYSTEMPATH\Database\MySQLi\Connection.php(295): mysqli->query('SELECT `TP`.*, `TU`.`nama_user`
FROM `tbl_pendaftaran`
JOIN `user` `TU` ON `TP`.`id_customer` = `TU`.`id`
ORDER BY `tbl_pendaftaran`.`id` DESC', 0)
 2 SYSTEMPATH\Database\BaseConnection.php(692): CodeIgniter\Database\MySQLi\Connection->execute('SELECT `TP`.*, `TU`.`nama_user`
FROM `tbl_pendaftaran`
JOIN `user` `TU` ON `TP`.`id_customer` = `TU`.`id`
ORDER BY `tbl_pendaftaran`.`id` DESC')
 3 SYSTEMPATH\Database\BaseConnection.php(606): CodeIgniter\Database\BaseConnection->simpleQuery('SELECT `TP`.*, `TU`.`nama_user`
FROM `tbl_pendaftaran`
JOIN `user` `TU` ON `TP`.`id_customer` = `TU`.`id`
ORDER BY `tbl_pendaftaran`.`id` DESC')
 4 SYSTEMPATH\Database\BaseBuilder.php(1616): CodeIgniter\Database\BaseConnection->query('SELECT `TP`.*, `TU`.`nama_user`
FROM `tbl_pendaftaran`
JOIN `user` `TU` ON `TP`.`id_customer` = `TU`.`id`
ORDER BY `tbl_pendaftaran`.`id` DESC', [], false)
 5 APPPATH\Models\Pendaftaran.php(25): CodeIgniter\Database\BaseBuilder->get()
 6 APPPATH\Controllers\PendaftaranController.php(27): App\Models\Pendaftaran->getAllData()
 7 SYSTEMPATH\CodeIgniter.php(934): App\Controllers\PendaftaranController->kasir()
 8 SYSTEMPATH\CodeIgniter.php(499): CodeIgniter\CodeIgniter->runController(Object(App\Controllers\PendaftaranController))
 9 SYSTEMPATH\CodeIgniter.php(368): CodeIgniter\CodeIgniter->handleRequest(null, Object(Config\Cache), false)
10 FCPATH\index.php(67): CodeIgniter\CodeIgniter->run()
11 SYSTEMPATH\Commands\Server\rewrite.php(47): require_once('C:\\xampp\\htdocs\\databaseKlinik\\klinik2\\public\\index.php')
INFO - 2023-06-20 07:25:09 --> Session: Class initialized using 'CodeIgniter\Session\Handlers\FileHandler' driver.
ERROR - 2023-06-20 07:25:09 --> mysqli_sql_exception: Unknown column 'tbl_pendaftaran*' in 'field list' in C:\xampp\htdocs\databaseKlinik\klinik2\system\Database\MySQLi\Connection.php:295
Stack trace:
#0 C:\xampp\htdocs\databaseKlinik\klinik2\system\Database\MySQLi\Connection.php(295): mysqli->query('SELECT `tbl_pen...', 0)
#1 C:\xampp\htdocs\databaseKlinik\klinik2\system\Database\BaseConnection.php(692): CodeIgniter\Database\MySQLi\Connection->execute('SELECT `tbl_pen...')
#2 C:\xampp\htdocs\databaseKlinik\klinik2\system\Database\BaseConnection.php(606): CodeIgniter\Database\BaseConnection->simpleQuery('SELECT `tbl_pen...')
#3 C:\xampp\htdocs\databaseKlinik\klinik2\system\Database\BaseBuilder.php(1616): CodeIgniter\Database\BaseConnection->query('SELECT `tbl_pen...', Array, false)
#4 C:\xampp\htdocs\databaseKlinik\klinik2\app\Models\Pendaftaran.php(25): CodeIgniter\Database\BaseBuilder->get()
#5 C:\xampp\htdocs\databaseKlinik\klinik2\app\Controllers\PendaftaranController.php(27): App\Models\Pendaftaran->getAllData()
#6 C:\xampp\htdocs\databaseKlinik\klinik2\system\CodeIgniter.php(934): App\Controllers\PendaftaranController->kasir()
#7 C:\xampp\htdocs\databaseKlinik\klinik2\system\CodeIgniter.php(499): CodeIgniter\CodeIgniter->runController(Object(App\Controllers\PendaftaranController))
#8 C:\xampp\htdocs\databaseKlinik\klinik2\system\CodeIgniter.php(368): CodeIgniter\CodeIgniter->handleRequest(NULL, Object(Config\Cache), false)
#9 C:\xampp\htdocs\databaseKlinik\klinik2\public\index.php(67): CodeIgniter\CodeIgniter->run()
#10 C:\xampp\htdocs\databaseKlinik\klinik2\system\Commands\Server\rewrite.php(47): require_once('C:\\xampp\\htdocs...')
#11 {main}
CRITICAL - 2023-06-20 07:25:09 --> Unknown column 'tbl_pendaftaran*' in 'field list'
in SYSTEMPATH\Database\MySQLi\Connection.php on line 295.
 1 SYSTEMPATH\Database\MySQLi\Connection.php(295): mysqli->query('SELECT `tbl_pendaftaran*`, `user`.`nama_user`
FROM `tbl_pendaftaran`
JOIN `user` ON `user`.`id` = `tbl_pendaftaran`.`id_customer`
ORDER BY `tbl_pendaftaran`.`id` DESC', 0)
 2 SYSTEMPATH\Database\BaseConnection.php(692): CodeIgniter\Database\MySQLi\Connection->execute('SELECT `tbl_pendaftaran*`, `user`.`nama_user`
FROM `tbl_pendaftaran`
JOIN `user` ON `user`.`id` = `tbl_pendaftaran`.`id_customer`
ORDER BY `tbl_pendaftaran`.`id` DESC')
 3 SYSTEMPATH\Database\BaseConnection.php(606): CodeIgniter\Database\BaseConnection->simpleQuery('SELECT `tbl_pendaftaran*`, `user`.`nama_user`
FROM `tbl_pendaftaran`
JOIN `user` ON `user`.`id` = `tbl_pendaftaran`.`id_customer`
ORDER BY `tbl_pendaftaran`.`id` DESC')
 4 SYSTEMPATH\Database\BaseBuilder.php(1616): CodeIgniter\Database\BaseConnection->query('SELECT `tbl_pendaftaran*`, `user`.`nama_user`
FROM `tbl_pendaftaran`
JOIN `user` ON `user`.`id` = `tbl_pendaftaran`.`id_customer`
ORDER BY `tbl_pendaftaran`.`id` DESC', [], false)
 5 APPPATH\Models\Pendaftaran.php(25): CodeIgniter\Database\BaseBuilder->get()
 6 APPPATH\Controllers\PendaftaranController.php(27): App\Models\Pendaftaran->getAllData()
 7 SYSTEMPATH\CodeIgniter.php(934): App\Controllers\PendaftaranController->kasir()
 8 SYSTEMPATH\CodeIgniter.php(499): CodeIgniter\CodeIgniter->runController(Object(App\Controllers\PendaftaranController))
 9 SYSTEMPATH\CodeIgniter.php(368): CodeIgniter\CodeIgniter->handleRequest(null, Object(Config\Cache), false)
10 FCPATH\index.php(67): CodeIgniter\CodeIgniter->run()
11 SYSTEMPATH\Commands\Server\rewrite.php(47): require_once('C:\\xampp\\htdocs\\databaseKlinik\\klinik2\\public\\index.php')
INFO - 2023-06-20 07:27:21 --> Session: Class initialized using 'CodeIgniter\Session\Handlers\FileHandler' driver.
ERROR - 2023-06-20 07:27:21 --> mysqli_sql_exception: Unknown column 'tbl_pendaftaran*' in 'field list' in C:\xampp\htdocs\databaseKlinik\klinik2\system\Database\MySQLi\Connection.php:295
Stack trace:
#0 C:\xampp\htdocs\databaseKlinik\klinik2\system\Database\MySQLi\Connection.php(295): mysqli->query('SELECT `tbl_pen...', 0)
#1 C:\xampp\htdocs\databaseKlinik\klinik2\system\Database\BaseConnection.php(692): CodeIgniter\Database\MySQLi\Connection->execute('SELECT `tbl_pen...')
#2 C:\xampp\htdocs\databaseKlinik\klinik2\system\Database\BaseConnection.php(606): CodeIgniter\Database\BaseConnection->simpleQuery('SELECT `tbl_pen...')
#3 C:\xampp\htdocs\databaseKlinik\klinik2\system\Database\BaseBuilder.php(1616): CodeIgniter\Database\BaseConnection->query('SELECT `tbl_pen...', Array, false)
#4 C:\xampp\htdocs\databaseKlinik\klinik2\app\Models\Pendaftaran.php(25): CodeIgniter\Database\BaseBuilder->get()
#5 C:\xampp\htdocs\databaseKlinik\klinik2\app\Controllers\PendaftaranController.php(27): App\Models\Pendaftaran->getAllData()
#6 C:\xampp\htdocs\databaseKlinik\klinik2\system\CodeIgniter.php(934): App\Controllers\PendaftaranController->kasir()
#7 C:\xampp\htdocs\databaseKlinik\klinik2\system\CodeIgniter.php(499): CodeIgniter\CodeIgniter->runController(Object(App\Controllers\PendaftaranController))
#8 C:\xampp\htdocs\databaseKlinik\klinik2\system\CodeIgniter.php(368): CodeIgniter\CodeIgniter->handleRequest(NULL, Object(Config\Cache), false)
#9 C:\xampp\htdocs\databaseKlinik\klinik2\public\index.php(67): CodeIgniter\CodeIgniter->run()
#10 C:\xampp\htdocs\databaseKlinik\klinik2\system\Commands\Server\rewrite.php(47): require_once('C:\\xampp\\htdocs...')
#11 {main}
CRITICAL - 2023-06-20 07:27:21 --> Unknown column 'tbl_pendaftaran*' in 'field list'
in SYSTEMPATH\Database\MySQLi\Connection.php on line 295.
 1 SYSTEMPATH\Database\MySQLi\Connection.php(295): mysqli->query('SELECT `tbl_pendaftaran*`, `user`.`nama_user`
FROM `tbl_pendaftaran`
JOIN `user` ON `user`.`id` = `tbl_pendaftaran`.`id_customer`
ORDER BY `tbl_pendaftaran`.`id` DESC', 0)
 2 SYSTEMPATH\Database\BaseConnection.php(692): CodeIgniter\Database\MySQLi\Connection->execute('SELECT `tbl_pendaftaran*`, `user`.`nama_user`
FROM `tbl_pendaftaran`
JOIN `user` ON `user`.`id` = `tbl_pendaftaran`.`id_customer`
ORDER BY `tbl_pendaftaran`.`id` DESC')
 3 SYSTEMPATH\Database\BaseConnection.php(606): CodeIgniter\Database\BaseConnection->simpleQuery('SELECT `tbl_pendaftaran*`, `user`.`nama_user`
FROM `tbl_pendaftaran`
JOIN `user` ON `user`.`id` = `tbl_pendaftaran`.`id_customer`
ORDER BY `tbl_pendaftaran`.`id` DESC')
 4 SYSTEMPATH\Database\BaseBuilder.php(1616): CodeIgniter\Database\BaseConnection->query('SELECT `tbl_pendaftaran*`, `user`.`nama_user`
FROM `tbl_pendaftaran`
JOIN `user` ON `user`.`id` = `tbl_pendaftaran`.`id_customer`
ORDER BY `tbl_pendaftaran`.`id` DESC', [], false)
 5 APPPATH\Models\Pendaftaran.php(25): CodeIgniter\Database\BaseBuilder->get()
 6 APPPATH\Controllers\PendaftaranController.php(27): App\Models\Pendaftaran->getAllData()
 7 SYSTEMPATH\CodeIgniter.php(934): App\Controllers\PendaftaranController->kasir()
 8 SYSTEMPATH\CodeIgniter.php(499): CodeIgniter\CodeIgniter->runController(Object(App\Controllers\PendaftaranController))
 9 SYSTEMPATH\CodeIgniter.php(368): CodeIgniter\CodeIgniter->handleRequest(null, Object(Config\Cache), false)
10 FCPATH\index.php(67): CodeIgniter\CodeIgniter->run()
11 SYSTEMPATH\Commands\Server\rewrite.php(47): require_once('C:\\xampp\\htdocs\\databaseKlinik\\klinik2\\public\\index.php')
INFO - 2023-06-20 07:27:53 --> Session: Class initialized using 'CodeIgniter\Session\Handlers\FileHandler' driver.
INFO - 2023-06-20 07:38:06 --> Session: Class initialized using 'CodeIgniter\Session\Handlers\FileHandler' driver.
INFO - 2023-06-20 07:41:59 --> Session: Class initialized using 'CodeIgniter\Session\Handlers\FileHandler' driver.
INFO - 2023-06-20 07:45:37 --> Session: Class initialized using 'CodeIgniter\Session\Handlers\FileHandler' driver.
INFO - 2023-06-20 07:49:33 --> Session: Class initialized using 'CodeIgniter\Session\Handlers\FileHandler' driver.
INFO - 2023-06-20 07:51:15 --> Session: Class initialized using 'CodeIgniter\Session\Handlers\FileHandler' driver.
INFO - 2023-06-20 07:51:44 --> Session: Class initialized using 'CodeIgniter\Session\Handlers\FileHandler' driver.
INFO - 2023-06-20 07:52:06 --> Session: Class initialized using 'CodeIgniter\Session\Handlers\FileHandler' driver.
INFO - 2023-06-20 07:52:31 --> Session: Class initialized using 'CodeIgniter\Session\Handlers\FileHandler' driver.
INFO - 2023-06-20 08:00:10 --> Session: Class initialized using 'CodeIgniter\Session\Handlers\FileHandler' driver.
INFO - 2023-06-20 08:00:21 --> Session: Class initialized using 'CodeIgniter\Session\Handlers\FileHandler' driver.
INFO - 2023-06-20 08:00:21 --> Session: Class initialized using 'CodeIgniter\Session\Handlers\FileHandler' driver.
INFO - 2023-06-20 08:00:35 --> Session: Class initialized using 'CodeIgniter\Session\Handlers\FileHandler' driver.
INFO - 2023-06-20 08:00:35 --> Session: Class initialized using 'CodeIgniter\Session\Handlers\FileHandler' driver.
INFO - 2023-06-20 08:00:39 --> Session: Class initialized using 'CodeIgniter\Session\Handlers\FileHandler' driver.
INFO - 2023-06-20 08:00:46 --> Session: Class initialized using 'CodeIgniter\Session\Handlers\FileHandler' driver.
INFO - 2023-06-20 08:01:04 --> Session: Class initialized using 'CodeIgniter\Session\Handlers\FileHandler' driver.
INFO - 2023-06-20 08:01:05 --> Session: Class initialized using 'CodeIgniter\Session\Handlers\FileHandler' driver.
INFO - 2023-06-20 08:01:16 --> Session: Class initialized using 'CodeIgniter\Session\Handlers\FileHandler' driver.
INFO - 2023-06-20 08:01:17 --> Session: Class initialized using 'CodeIgniter\Session\Handlers\FileHandler' driver.
INFO - 2023-06-20 08:01:26 --> Session: Class initialized using 'CodeIgniter\Session\Handlers\FileHandler' driver.
INFO - 2023-06-20 08:01:27 --> Session: Class initialized using 'CodeIgniter\Session\Handlers\FileHandler' driver.
INFO - 2023-06-20 08:01:30 --> Session: Class initialized using 'CodeIgniter\Session\Handlers\FileHandler' driver.
INFO - 2023-06-20 08:04:37 --> Session: Class initialized using 'CodeIgniter\Session\Handlers\FileHandler' driver.
INFO - 2023-06-20 08:05:53 --> Session: Class initialized using 'CodeIgniter\Session\Handlers\FileHandler' driver.
INFO - 2023-06-20 08:11:26 --> Session: Class initialized using 'CodeIgniter\Session\Handlers\FileHandler' driver.
INFO - 2023-06-20 08:20:36 --> Session: Class initialized using 'CodeIgniter\Session\Handlers\FileHandler' driver.
INFO - 2023-06-20 08:28:18 --> Session: Class initialized using 'CodeIgniter\Session\Handlers\FileHandler' driver.
INFO - 2023-06-20 08:31:40 --> Session: Class initialized using 'CodeIgniter\Session\Handlers\FileHandler' driver.
INFO - 2023-06-20 08:31:55 --> Session: Class initialized using 'CodeIgniter\Session\Handlers\FileHandler' driver.
INFO - 2023-06-20 08:32:53 --> Session: Class initialized using 'CodeIgniter\Session\Handlers\FileHandler' driver.
