ERROR - 2023-06-11 00:53:28 --> mysqli_sql_exception: You have an error in your SQL syntax; check the manual that corresponds to your MariaDB server version for the right syntax to use near '(255) NULL,
	`role` ENUM('admin','dokter','kasir','customer') NOT NULL,
	CONS...' at line 8 in C:\xampp\htdocs\databaseKlinik\klinik2\system\Database\MySQLi\Connection.php:295
Stack trace:
#0 C:\xampp\htdocs\databaseKlinik\klinik2\system\Database\MySQLi\Connection.php(295): mysqli->query('CREATE TABLE `u...', 0)
#1 C:\xampp\htdocs\databaseKlinik\klinik2\system\Database\BaseConnection.php(692): CodeIgniter\Database\MySQLi\Connection->execute('CREATE TABLE `u...')
#2 C:\xampp\htdocs\databaseKlinik\klinik2\system\Database\BaseConnection.php(606): CodeIgniter\Database\BaseConnection->simpleQuery('CREATE TABLE `u...')
#3 C:\xampp\htdocs\databaseKlinik\klinik2\system\Database\Forge.php(546): CodeIgniter\Database\BaseConnection->query('CREATE TABLE `u...')
#4 C:\xampp\htdocs\databaseKlinik\klinik2\app\Database\Migrations\2023-06-11-000610_User.php(55): CodeIgniter\Database\Forge->createTable('user')
#5 C:\xampp\htdocs\databaseKlinik\klinik2\system\Database\MigrationRunner.php(877): App\Database\Migrations\User->up()
#6 C:\xampp\htdocs\databaseKlinik\klinik2\system\Database\MigrationRunner.php(188): CodeIgniter\Database\MigrationRunner->migrate('up', Object(stdClass))
#7 C:\xampp\htdocs\databaseKlinik\klinik2\system\Commands\Database\Migrate.php(84): CodeIgniter\Database\MigrationRunner->latest(NULL)
#8 C:\xampp\htdocs\databaseKlinik\klinik2\system\CLI\Commands.php(65): CodeIgniter\Commands\Database\Migrate->run(Array)
#9 C:\xampp\htdocs\databaseKlinik\klinik2\system\CLI\Console.php(37): CodeIgniter\CLI\Commands->run('migrate', Array)
#10 C:\xampp\htdocs\databaseKlinik\klinik2\spark(97): CodeIgniter\CLI\Console->run()
#11 {main}
ERROR - 2023-06-11 00:55:31 --> mysqli_sql_exception: You have an error in your SQL syntax; check the manual that corresponds to your MariaDB server version for the right syntax to use near '(255) NULL,
	`role` ENUM('admin','dokter','kasir','customer') NOT NULL,
	CONS...' at line 8 in C:\xampp\htdocs\databaseKlinik\klinik2\system\Database\MySQLi\Connection.php:295
Stack trace:
#0 C:\xampp\htdocs\databaseKlinik\klinik2\system\Database\MySQLi\Connection.php(295): mysqli->query('CREATE TABLE `u...', 0)
#1 C:\xampp\htdocs\databaseKlinik\klinik2\system\Database\BaseConnection.php(692): CodeIgniter\Database\MySQLi\Connection->execute('CREATE TABLE `u...')
#2 C:\xampp\htdocs\databaseKlinik\klinik2\system\Database\BaseConnection.php(606): CodeIgniter\Database\BaseConnection->simpleQuery('CREATE TABLE `u...')
#3 C:\xampp\htdocs\databaseKlinik\klinik2\system\Database\Forge.php(546): CodeIgniter\Database\BaseConnection->query('CREATE TABLE `u...')
#4 C:\xampp\htdocs\databaseKlinik\klinik2\app\Database\Migrations\2023-06-11-000610_User.php(55): CodeIgniter\Database\Forge->createTable('user')
#5 C:\xampp\htdocs\databaseKlinik\klinik2\system\Database\MigrationRunner.php(877): App\Database\Migrations\User->up()
#6 C:\xampp\htdocs\databaseKlinik\klinik2\system\Database\MigrationRunner.php(188): CodeIgniter\Database\MigrationRunner->migrate('up', Object(stdClass))
#7 C:\xampp\htdocs\databaseKlinik\klinik2\system\Commands\Database\Migrate.php(84): CodeIgniter\Database\MigrationRunner->latest(NULL)
#8 C:\xampp\htdocs\databaseKlinik\klinik2\system\CLI\Commands.php(65): CodeIgniter\Commands\Database\Migrate->run(Array)
#9 C:\xampp\htdocs\databaseKlinik\klinik2\system\CLI\Console.php(37): CodeIgniter\CLI\Commands->run('migrate', Array)
#10 C:\xampp\htdocs\databaseKlinik\klinik2\spark(97): CodeIgniter\CLI\Console->run()
#11 {main}
ERROR - 2023-06-11 00:56:44 --> mysqli_sql_exception: You have an error in your SQL syntax; check the manual that corresponds to your MariaDB server version for the right syntax to use near '(255) NULL,
	`role` ENUM('admin','dokter','kasir','customer') NULL,
	CONSTRAI...' at line 8 in C:\xampp\htdocs\databaseKlinik\klinik2\system\Database\MySQLi\Connection.php:295
Stack trace:
#0 C:\xampp\htdocs\databaseKlinik\klinik2\system\Database\MySQLi\Connection.php(295): mysqli->query('CREATE TABLE `u...', 0)
#1 C:\xampp\htdocs\databaseKlinik\klinik2\system\Database\BaseConnection.php(692): CodeIgniter\Database\MySQLi\Connection->execute('CREATE TABLE `u...')
#2 C:\xampp\htdocs\databaseKlinik\klinik2\system\Database\BaseConnection.php(606): CodeIgniter\Database\BaseConnection->simpleQuery('CREATE TABLE `u...')
#3 C:\xampp\htdocs\databaseKlinik\klinik2\system\Database\Forge.php(546): CodeIgniter\Database\BaseConnection->query('CREATE TABLE `u...')
#4 C:\xampp\htdocs\databaseKlinik\klinik2\app\Database\Migrations\2023-06-11-000610_User.php(55): CodeIgniter\Database\Forge->createTable('user')
#5 C:\xampp\htdocs\databaseKlinik\klinik2\system\Database\MigrationRunner.php(877): App\Database\Migrations\User->up()
#6 C:\xampp\htdocs\databaseKlinik\klinik2\system\Database\MigrationRunner.php(188): CodeIgniter\Database\MigrationRunner->migrate('up', Object(stdClass))
#7 C:\xampp\htdocs\databaseKlinik\klinik2\system\Commands\Database\Migrate.php(84): CodeIgniter\Database\MigrationRunner->latest(NULL)
#8 C:\xampp\htdocs\databaseKlinik\klinik2\system\CLI\Commands.php(65): CodeIgniter\Commands\Database\Migrate->run(Array)
#9 C:\xampp\htdocs\databaseKlinik\klinik2\system\CLI\Console.php(37): CodeIgniter\CLI\Commands->run('migrate', Array)
#10 C:\xampp\htdocs\databaseKlinik\klinik2\spark(97): CodeIgniter\CLI\Console->run()
#11 {main}
ERROR - 2023-06-11 01:11:59 --> mysqli_sql_exception: Table 'db_klinik.tbl_user' doesn't exist in C:\xampp\htdocs\databaseKlinik\klinik2\system\Database\MySQLi\Connection.php:295
Stack trace:
#0 C:\xampp\htdocs\databaseKlinik\klinik2\system\Database\MySQLi\Connection.php(295): mysqli->query('INSERT INTO `tb...', 0)
#1 C:\xampp\htdocs\databaseKlinik\klinik2\system\Database\BaseConnection.php(692): CodeIgniter\Database\MySQLi\Connection->execute('INSERT INTO `tb...')
#2 C:\xampp\htdocs\databaseKlinik\klinik2\system\Database\BaseConnection.php(606): CodeIgniter\Database\BaseConnection->simpleQuery('INSERT INTO `tb...')
#3 C:\xampp\htdocs\databaseKlinik\klinik2\system\Database\BaseBuilder.php(2309): CodeIgniter\Database\BaseConnection->query('INSERT INTO `tb...', Array, false)
#4 C:\xampp\htdocs\databaseKlinik\klinik2\app\Database\Seeds\UserSeeder.php(23): CodeIgniter\Database\BaseBuilder->insert(Array)
#5 C:\xampp\htdocs\databaseKlinik\klinik2\system\Database\Seeder.php(146): App\Database\Seeds\UserSeeder->run()
#6 C:\xampp\htdocs\databaseKlinik\klinik2\system\Commands\Database\Seed.php(77): CodeIgniter\Database\Seeder->call('App\\Database\\Se...')
#7 C:\xampp\htdocs\databaseKlinik\klinik2\system\CLI\Commands.php(65): CodeIgniter\Commands\Database\Seed->run(Array)
#8 C:\xampp\htdocs\databaseKlinik\klinik2\system\CLI\Console.php(37): CodeIgniter\CLI\Commands->run('db:seed', Array)
#9 C:\xampp\htdocs\databaseKlinik\klinik2\spark(97): CodeIgniter\CLI\Console->run()
#10 {main}
CRITICAL - 2023-06-11 01:49:48 --> Undefined variable: title
in APPPATH\Views\index.php on line 12.
 1 APPPATH\Views\index.php(12): CodeIgniter\Debug\Exceptions->errorHandler(8, 'Undefined variable: title', 'C:\\xampp\\htdocs\\databaseKlinik\\klinik2\\app\\Views\\index.php', 12, [])
 2 SYSTEMPATH\View\View.php(213): include('C:\\xampp\\htdocs\\databaseKlinik\\klinik2\\app\\Views\\index.php')
 3 SYSTEMPATH\View\View.php(216): CodeIgniter\View\View->CodeIgniter\View\{closure}()
 4 SYSTEMPATH\Common.php(1184): CodeIgniter\View\View->render('index', [], true)
 5 APPPATH\Controllers\AuthController.php(15): view('index')
 6 SYSTEMPATH\CodeIgniter.php(934): App\Controllers\AuthController->index()
 7 SYSTEMPATH\CodeIgniter.php(499): CodeIgniter\CodeIgniter->runController(Object(App\Controllers\AuthController))
 8 SYSTEMPATH\CodeIgniter.php(368): CodeIgniter\CodeIgniter->handleRequest(null, Object(Config\Cache), false)
 9 FCPATH\index.php(67): CodeIgniter\CodeIgniter->run()
10 SYSTEMPATH\Commands\Server\rewrite.php(47): require_once('C:\\xampp\\htdocs\\databaseKlinik\\klinik2\\public\\index.php')
